CRITICAL - 2023-09-25 12:38:05 --> Invalid file: "v_dashboard.php"
in SYSTEMPATH\Exceptions\FrameworkException.php on line 39.
 1 SYSTEMPATH\View\View.php(214): CodeIgniter\Exceptions\FrameworkException::forInvalidFile('v_dashboard.php')
 2 SYSTEMPATH\Common.php(1188): CodeIgniter\View\View->render('v_dashboard', [], true)
 3 APPPATH\Views\v_temp_admin.php(136): view('v_dashboard')
 4 SYSTEMPATH\View\View.php(226): include('D:\\XAMPP7\\htdocs\\kos-kosan\\app\\Views\\v_temp_admin.php')
 5 SYSTEMPATH\View\View.php(229): CodeIgniter\View\View->CodeIgniter\View\{closure}()
 6 SYSTEMPATH\Common.php(1188): CodeIgniter\View\View->render('v_temp_admin', [], true)
 7 APPPATH\Controllers\Admin.php(15): view('v_temp_admin', [...])
 8 SYSTEMPATH\CodeIgniter.php(919): App\Controllers\Admin->index()
 9 SYSTEMPATH\CodeIgniter.php(494): CodeIgniter\CodeIgniter->runController(Object(App\Controllers\Admin))
10 SYSTEMPATH\CodeIgniter.php(353): CodeIgniter\CodeIgniter->handleRequest(null, Object(Config\Cache), false)
11 FCPATH\index.php(79): CodeIgniter\CodeIgniter->run()
12 SYSTEMPATH\Commands\Server\rewrite.php(47): require_once('D:\\XAMPP7\\htdocs\\kos-kosan\\public\\index.php')
CRITICAL - 2023-09-25 12:38:09 --> Invalid file: "v_dashboard.php"
in SYSTEMPATH\Exceptions\FrameworkException.php on line 39.
 1 SYSTEMPATH\View\View.php(214): CodeIgniter\Exceptions\FrameworkException::forInvalidFile('v_dashboard.php')
 2 SYSTEMPATH\Common.php(1188): CodeIgniter\View\View->render('v_dashboard', [], true)
 3 APPPATH\Views\v_temp_admin.php(136): view('v_dashboard')
 4 SYSTEMPATH\View\View.php(226): include('D:\\XAMPP7\\htdocs\\kos-kosan\\app\\Views\\v_temp_admin.php')
 5 SYSTEMPATH\View\View.php(229): CodeIgniter\View\View->CodeIgniter\View\{closure}()
 6 SYSTEMPATH\Common.php(1188): CodeIgniter\View\View->render('v_temp_admin', [], true)
 7 APPPATH\Controllers\Admin.php(15): view('v_temp_admin', [...])
 8 SYSTEMPATH\CodeIgniter.php(919): App\Controllers\Admin->index()
 9 SYSTEMPATH\CodeIgniter.php(494): CodeIgniter\CodeIgniter->runController(Object(App\Controllers\Admin))
10 SYSTEMPATH\CodeIgniter.php(353): CodeIgniter\CodeIgniter->handleRequest(null, Object(Config\Cache), false)
11 FCPATH\index.php(79): CodeIgniter\CodeIgniter->run()
12 SYSTEMPATH\Commands\Server\rewrite.php(47): require_once('D:\\XAMPP7\\htdocs\\kos-kosan\\public\\index.php')
CRITICAL - 2023-09-25 12:38:11 --> Invalid file: "v_dashboard.php"
in SYSTEMPATH\Exceptions\FrameworkException.php on line 39.
 1 SYSTEMPATH\View\View.php(214): CodeIgniter\Exceptions\FrameworkException::forInvalidFile('v_dashboard.php')
 2 SYSTEMPATH\Common.php(1188): CodeIgniter\View\View->render('v_dashboard', [], true)
 3 APPPATH\Views\v_temp_admin.php(136): view('v_dashboard')
 4 SYSTEMPATH\View\View.php(226): include('D:\\XAMPP7\\htdocs\\kos-kosan\\app\\Views\\v_temp_admin.php')
 5 SYSTEMPATH\View\View.php(229): CodeIgniter\View\View->CodeIgniter\View\{closure}()
 6 SYSTEMPATH\Common.php(1188): CodeIgniter\View\View->render('v_temp_admin', [], true)
 7 APPPATH\Controllers\Admin.php(15): view('v_temp_admin', [...])
 8 SYSTEMPATH\CodeIgniter.php(919): App\Controllers\Admin->index()
 9 SYSTEMPATH\CodeIgniter.php(494): CodeIgniter\CodeIgniter->runController(Object(App\Controllers\Admin))
10 SYSTEMPATH\CodeIgniter.php(353): CodeIgniter\CodeIgniter->handleRequest(null, Object(Config\Cache), false)
11 FCPATH\index.php(79): CodeIgniter\CodeIgniter->run()
12 SYSTEMPATH\Commands\Server\rewrite.php(47): require_once('D:\\XAMPP7\\htdocs\\kos-kosan\\public\\index.php')
CRITICAL - 2023-09-25 12:39:10 --> Invalid file: "v_dashboard.php"
in SYSTEMPATH\Exceptions\FrameworkException.php on line 39.
 1 SYSTEMPATH\View\View.php(214): CodeIgniter\Exceptions\FrameworkException::forInvalidFile('v_dashboard.php')
 2 SYSTEMPATH\Common.php(1188): CodeIgniter\View\View->render('v_dashboard', [], true)
 3 APPPATH\Views\v_temp_admin.php(136): view('v_dashboard')
 4 SYSTEMPATH\View\View.php(226): include('D:\\XAMPP7\\htdocs\\kos-kosan\\app\\Views\\v_temp_admin.php')
 5 SYSTEMPATH\View\View.php(229): CodeIgniter\View\View->CodeIgniter\View\{closure}()
 6 SYSTEMPATH\Common.php(1188): CodeIgniter\View\View->render('v_temp_admin', [], true)
 7 APPPATH\Controllers\Admin.php(15): view('v_temp_admin', [...])
 8 SYSTEMPATH\CodeIgniter.php(919): App\Controllers\Admin->index()
 9 SYSTEMPATH\CodeIgniter.php(494): CodeIgniter\CodeIgniter->runController(Object(App\Controllers\Admin))
10 SYSTEMPATH\CodeIgniter.php(353): CodeIgniter\CodeIgniter->handleRequest(null, Object(Config\Cache), false)
11 FCPATH\index.php(79): CodeIgniter\CodeIgniter->run()
12 SYSTEMPATH\Commands\Server\rewrite.php(47): require_once('D:\\XAMPP7\\htdocs\\kos-kosan\\public\\index.php')
CRITICAL - 2023-09-25 12:39:45 --> Invalid file: "v_dashboard.php"
in SYSTEMPATH\Exceptions\FrameworkException.php on line 39.
 1 SYSTEMPATH\View\View.php(214): CodeIgniter\Exceptions\FrameworkException::forInvalidFile('v_dashboard.php')
 2 SYSTEMPATH\Common.php(1188): CodeIgniter\View\View->render('v_dashboard', [], true)
 3 APPPATH\Views\v_temp_admin.php(136): view('v_dashboard')
 4 SYSTEMPATH\View\View.php(226): include('D:\\XAMPP7\\htdocs\\kos-kosan\\app\\Views\\v_temp_admin.php')
 5 SYSTEMPATH\View\View.php(229): CodeIgniter\View\View->CodeIgniter\View\{closure}()
 6 SYSTEMPATH\Common.php(1188): CodeIgniter\View\View->render('v_temp_admin', [], true)
 7 APPPATH\Controllers\Admin.php(15): view('v_temp_admin', [...])
 8 SYSTEMPATH\CodeIgniter.php(919): App\Controllers\Admin->index()
 9 SYSTEMPATH\CodeIgniter.php(494): CodeIgniter\CodeIgniter->runController(Object(App\Controllers\Admin))
10 SYSTEMPATH\CodeIgniter.php(353): CodeIgniter\CodeIgniter->handleRequest(null, Object(Config\Cache), false)
11 FCPATH\index.php(79): CodeIgniter\CodeIgniter->run()
12 SYSTEMPATH\Commands\Server\rewrite.php(47): require_once('D:\\XAMPP7\\htdocs\\kos-kosan\\public\\index.php')
CRITICAL - 2023-09-25 12:39:47 --> Invalid file: "v_dashboard.php"
in SYSTEMPATH\Exceptions\FrameworkException.php on line 39.
 1 SYSTEMPATH\View\View.php(214): CodeIgniter\Exceptions\FrameworkException::forInvalidFile('v_dashboard.php')
 2 SYSTEMPATH\Common.php(1188): CodeIgniter\View\View->render('v_dashboard', [], true)
 3 APPPATH\Views\v_temp_admin.php(136): view('v_dashboard')
 4 SYSTEMPATH\View\View.php(226): include('D:\\XAMPP7\\htdocs\\kos-kosan\\app\\Views\\v_temp_admin.php')
 5 SYSTEMPATH\View\View.php(229): CodeIgniter\View\View->CodeIgniter\View\{closure}()
 6 SYSTEMPATH\Common.php(1188): CodeIgniter\View\View->render('v_temp_admin', [], true)
 7 APPPATH\Controllers\Admin.php(15): view('v_temp_admin', [...])
 8 SYSTEMPATH\CodeIgniter.php(919): App\Controllers\Admin->index()
 9 SYSTEMPATH\CodeIgniter.php(494): CodeIgniter\CodeIgniter->runController(Object(App\Controllers\Admin))
10 SYSTEMPATH\CodeIgniter.php(353): CodeIgniter\CodeIgniter->handleRequest(null, Object(Config\Cache), false)
11 FCPATH\index.php(79): CodeIgniter\CodeIgniter->run()
12 SYSTEMPATH\Commands\Server\rewrite.php(47): require_once('D:\\XAMPP7\\htdocs\\kos-kosan\\public\\index.php')
