INFO - 2023-09-29 11:05:16 --> Session: Class initialized using 'CodeIgniter\Session\Handlers\FileHandler' driver.
INFO - 2023-09-29 11:05:16 --> Session: Class initialized using 'CodeIgniter\Session\Handlers\FileHandler' driver.
INFO - 2023-09-29 11:05:21 --> Session: Class initialized using 'CodeIgniter\Session\Handlers\FileHandler' driver.
INFO - 2023-09-29 11:05:21 --> Session: Class initialized using 'CodeIgniter\Session\Handlers\FileHandler' driver.
INFO - 2023-09-29 11:05:25 --> Session: Class initialized using 'CodeIgniter\Session\Handlers\FileHandler' driver.
INFO - 2023-09-29 11:05:29 --> Session: Class initialized using 'CodeIgniter\Session\Handlers\FileHandler' driver.
INFO - 2023-09-29 11:07:02 --> Session: Class initialized using 'CodeIgniter\Session\Handlers\FileHandler' driver.
INFO - 2023-09-29 11:07:04 --> Session: Class initialized using 'CodeIgniter\Session\Handlers\FileHandler' driver.
INFO - 2023-09-29 11:10:14 --> Session: Class initialized using 'CodeIgniter\Session\Handlers\FileHandler' driver.
CRITICAL - 2023-09-29 11:10:16 --> Undefined index: nama_kosan
in APPPATH\Views\v_detail.php on line 12.
 1 APPPATH\Views\v_detail.php(12): CodeIgniter\Debug\Exceptions->errorHandler(8, 'Undefined index: nama_kosan', 'D:\\XAMPP7\\htdocs\\kos-kosan\\app\\Views\\v_detail.php', 12, [...])
 2 SYSTEMPATH\View\View.php(226): include('D:\\XAMPP7\\htdocs\\kos-kosan\\app\\Views\\v_detail.php')
 3 SYSTEMPATH\View\View.php(229): CodeIgniter\View\View->CodeIgniter\View\{closure}()
 4 SYSTEMPATH\Common.php(1188): CodeIgniter\View\View->render('/v_detail', [], true)
 5 APPPATH\Controllers\Home.php(51): view('/v_detail', [...])
 6 SYSTEMPATH\CodeIgniter.php(919): App\Controllers\Home->DetailKamar('3')
 7 SYSTEMPATH\CodeIgniter.php(494): CodeIgniter\CodeIgniter->runController(Object(App\Controllers\Home))
 8 SYSTEMPATH\CodeIgniter.php(353): CodeIgniter\CodeIgniter->handleRequest(null, Object(Config\Cache), false)
 9 FCPATH\index.php(79): CodeIgniter\CodeIgniter->run()
10 SYSTEMPATH\Commands\Server\rewrite.php(47): require_once('D:\\XAMPP7\\htdocs\\kos-kosan\\public\\index.php')
CRITICAL - 2023-09-29 11:10:59 --> Array to string conversion
in APPPATH\Views\v_detail.php on line 12.
 1 APPPATH\Views\v_detail.php(12): CodeIgniter\Debug\Exceptions->errorHandler(8, 'Array to string conversion', 'D:\\XAMPP7\\htdocs\\kos-kosan\\app\\Views\\v_detail.php', 12, [...])
 2 SYSTEMPATH\View\View.php(226): include('D:\\XAMPP7\\htdocs\\kos-kosan\\app\\Views\\v_detail.php')
 3 SYSTEMPATH\View\View.php(229): CodeIgniter\View\View->CodeIgniter\View\{closure}()
 4 SYSTEMPATH\Common.php(1188): CodeIgniter\View\View->render('/v_detail', [], true)
 5 APPPATH\Controllers\Home.php(51): view('/v_detail', [...])
 6 SYSTEMPATH\CodeIgniter.php(919): App\Controllers\Home->DetailKamar('3')
 7 SYSTEMPATH\CodeIgniter.php(494): CodeIgniter\CodeIgniter->runController(Object(App\Controllers\Home))
 8 SYSTEMPATH\CodeIgniter.php(353): CodeIgniter\CodeIgniter->handleRequest(null, Object(Config\Cache), false)
 9 FCPATH\index.php(79): CodeIgniter\CodeIgniter->run()
10 SYSTEMPATH\Commands\Server\rewrite.php(47): require_once('D:\\XAMPP7\\htdocs\\kos-kosan\\public\\index.php')
CRITICAL - 2023-09-29 11:11:00 --> Array to string conversion
in APPPATH\Views\v_detail.php on line 12.
 1 APPPATH\Views\v_detail.php(12): CodeIgniter\Debug\Exceptions->errorHandler(8, 'Array to string conversion', 'D:\\XAMPP7\\htdocs\\kos-kosan\\app\\Views\\v_detail.php', 12, [...])
 2 SYSTEMPATH\View\View.php(226): include('D:\\XAMPP7\\htdocs\\kos-kosan\\app\\Views\\v_detail.php')
 3 SYSTEMPATH\View\View.php(229): CodeIgniter\View\View->CodeIgniter\View\{closure}()
 4 SYSTEMPATH\Common.php(1188): CodeIgniter\View\View->render('/v_detail', [], true)
 5 APPPATH\Controllers\Home.php(51): view('/v_detail', [...])
 6 SYSTEMPATH\CodeIgniter.php(919): App\Controllers\Home->DetailKamar('3')
 7 SYSTEMPATH\CodeIgniter.php(494): CodeIgniter\CodeIgniter->runController(Object(App\Controllers\Home))
 8 SYSTEMPATH\CodeIgniter.php(353): CodeIgniter\CodeIgniter->handleRequest(null, Object(Config\Cache), false)
 9 FCPATH\index.php(79): CodeIgniter\CodeIgniter->run()
10 SYSTEMPATH\Commands\Server\rewrite.php(47): require_once('D:\\XAMPP7\\htdocs\\kos-kosan\\public\\index.php')
CRITICAL - 2023-09-29 11:11:08 --> Undefined index: nama_kosan
in APPPATH\Views\v_detail.php on line 95.
 1 APPPATH\Views\v_detail.php(95): CodeIgniter\Debug\Exceptions->errorHandler(8, 'Undefined index: nama_kosan', 'D:\\XAMPP7\\htdocs\\kos-kosan\\app\\Views\\v_detail.php', 95, [...])
 2 SYSTEMPATH\View\View.php(226): include('D:\\XAMPP7\\htdocs\\kos-kosan\\app\\Views\\v_detail.php')
 3 SYSTEMPATH\View\View.php(229): CodeIgniter\View\View->CodeIgniter\View\{closure}()
 4 SYSTEMPATH\Common.php(1188): CodeIgniter\View\View->render('/v_detail', [], true)
 5 APPPATH\Controllers\Home.php(51): view('/v_detail', [...])
 6 SYSTEMPATH\CodeIgniter.php(919): App\Controllers\Home->DetailKamar('3')
 7 SYSTEMPATH\CodeIgniter.php(494): CodeIgniter\CodeIgniter->runController(Object(App\Controllers\Home))
 8 SYSTEMPATH\CodeIgniter.php(353): CodeIgniter\CodeIgniter->handleRequest(null, Object(Config\Cache), false)
 9 FCPATH\index.php(79): CodeIgniter\CodeIgniter->run()
10 SYSTEMPATH\Commands\Server\rewrite.php(47): require_once('D:\\XAMPP7\\htdocs\\kos-kosan\\public\\index.php')
CRITICAL - 2023-09-29 11:11:44 --> Trying to get property 'nama_kost' of non-object
in APPPATH\Views\v_detail.php on line 95.
 1 APPPATH\Views\v_detail.php(95): CodeIgniter\Debug\Exceptions->errorHandler(8, 'Trying to get property \'nama_kost\' of non-object', 'D:\\XAMPP7\\htdocs\\kos-kosan\\app\\Views\\v_detail.php', 95, [...])
 2 SYSTEMPATH\View\View.php(226): include('D:\\XAMPP7\\htdocs\\kos-kosan\\app\\Views\\v_detail.php')
 3 SYSTEMPATH\View\View.php(229): CodeIgniter\View\View->CodeIgniter\View\{closure}()
 4 SYSTEMPATH\Common.php(1188): CodeIgniter\View\View->render('/v_detail', [], true)
 5 APPPATH\Controllers\Home.php(51): view('/v_detail', [...])
 6 SYSTEMPATH\CodeIgniter.php(919): App\Controllers\Home->DetailKamar('3')
 7 SYSTEMPATH\CodeIgniter.php(494): CodeIgniter\CodeIgniter->runController(Object(App\Controllers\Home))
 8 SYSTEMPATH\CodeIgniter.php(353): CodeIgniter\CodeIgniter->handleRequest(null, Object(Config\Cache), false)
 9 FCPATH\index.php(79): CodeIgniter\CodeIgniter->run()
10 SYSTEMPATH\Commands\Server\rewrite.php(47): require_once('D:\\XAMPP7\\htdocs\\kos-kosan\\public\\index.php')
CRITICAL - 2023-09-29 11:12:55 --> Trying to get property 'nama_kost' of non-object
in APPPATH\Views\v_detail.php on line 95.
 1 APPPATH\Views\v_detail.php(95): CodeIgniter\Debug\Exceptions->errorHandler(8, 'Trying to get property \'nama_kost\' of non-object', 'D:\\XAMPP7\\htdocs\\kos-kosan\\app\\Views\\v_detail.php', 95, [...])
 2 SYSTEMPATH\View\View.php(226): include('D:\\XAMPP7\\htdocs\\kos-kosan\\app\\Views\\v_detail.php')
 3 SYSTEMPATH\View\View.php(229): CodeIgniter\View\View->CodeIgniter\View\{closure}()
 4 SYSTEMPATH\Common.php(1188): CodeIgniter\View\View->render('/v_detail', [], true)
 5 APPPATH\Controllers\Home.php(50): view('/v_detail', [...])
 6 SYSTEMPATH\CodeIgniter.php(919): App\Controllers\Home->DetailKamar('3')
 7 SYSTEMPATH\CodeIgniter.php(494): CodeIgniter\CodeIgniter->runController(Object(App\Controllers\Home))
 8 SYSTEMPATH\CodeIgniter.php(353): CodeIgniter\CodeIgniter->handleRequest(null, Object(Config\Cache), false)
 9 FCPATH\index.php(79): CodeIgniter\CodeIgniter->run()
10 SYSTEMPATH\Commands\Server\rewrite.php(47): require_once('D:\\XAMPP7\\htdocs\\kos-kosan\\public\\index.php')
CRITICAL - 2023-09-29 11:12:56 --> Trying to get property 'nama_kost' of non-object
in APPPATH\Views\v_detail.php on line 95.
 1 APPPATH\Views\v_detail.php(95): CodeIgniter\Debug\Exceptions->errorHandler(8, 'Trying to get property \'nama_kost\' of non-object', 'D:\\XAMPP7\\htdocs\\kos-kosan\\app\\Views\\v_detail.php', 95, [...])
 2 SYSTEMPATH\View\View.php(226): include('D:\\XAMPP7\\htdocs\\kos-kosan\\app\\Views\\v_detail.php')
 3 SYSTEMPATH\View\View.php(229): CodeIgniter\View\View->CodeIgniter\View\{closure}()
 4 SYSTEMPATH\Common.php(1188): CodeIgniter\View\View->render('/v_detail', [], true)
 5 APPPATH\Controllers\Home.php(50): view('/v_detail', [...])
 6 SYSTEMPATH\CodeIgniter.php(919): App\Controllers\Home->DetailKamar('3')
 7 SYSTEMPATH\CodeIgniter.php(494): CodeIgniter\CodeIgniter->runController(Object(App\Controllers\Home))
 8 SYSTEMPATH\CodeIgniter.php(353): CodeIgniter\CodeIgniter->handleRequest(null, Object(Config\Cache), false)
 9 FCPATH\index.php(79): CodeIgniter\CodeIgniter->run()
10 SYSTEMPATH\Commands\Server\rewrite.php(47): require_once('D:\\XAMPP7\\htdocs\\kos-kosan\\public\\index.php')
CRITICAL - 2023-09-29 11:12:57 --> Trying to get property 'nama_kost' of non-object
in APPPATH\Views\v_detail.php on line 95.
 1 APPPATH\Views\v_detail.php(95): CodeIgniter\Debug\Exceptions->errorHandler(8, 'Trying to get property \'nama_kost\' of non-object', 'D:\\XAMPP7\\htdocs\\kos-kosan\\app\\Views\\v_detail.php', 95, [...])
 2 SYSTEMPATH\View\View.php(226): include('D:\\XAMPP7\\htdocs\\kos-kosan\\app\\Views\\v_detail.php')
 3 SYSTEMPATH\View\View.php(229): CodeIgniter\View\View->CodeIgniter\View\{closure}()
 4 SYSTEMPATH\Common.php(1188): CodeIgniter\View\View->render('/v_detail', [], true)
 5 APPPATH\Controllers\Home.php(50): view('/v_detail', [...])
 6 SYSTEMPATH\CodeIgniter.php(919): App\Controllers\Home->DetailKamar('3')
 7 SYSTEMPATH\CodeIgniter.php(494): CodeIgniter\CodeIgniter->runController(Object(App\Controllers\Home))
 8 SYSTEMPATH\CodeIgniter.php(353): CodeIgniter\CodeIgniter->handleRequest(null, Object(Config\Cache), false)
 9 FCPATH\index.php(79): CodeIgniter\CodeIgniter->run()
10 SYSTEMPATH\Commands\Server\rewrite.php(47): require_once('D:\\XAMPP7\\htdocs\\kos-kosan\\public\\index.php')
CRITICAL - 2023-09-29 11:12:58 --> Trying to get property 'nama_kost' of non-object
in APPPATH\Views\v_detail.php on line 95.
 1 APPPATH\Views\v_detail.php(95): CodeIgniter\Debug\Exceptions->errorHandler(8, 'Trying to get property \'nama_kost\' of non-object', 'D:\\XAMPP7\\htdocs\\kos-kosan\\app\\Views\\v_detail.php', 95, [...])
 2 SYSTEMPATH\View\View.php(226): include('D:\\XAMPP7\\htdocs\\kos-kosan\\app\\Views\\v_detail.php')
 3 SYSTEMPATH\View\View.php(229): CodeIgniter\View\View->CodeIgniter\View\{closure}()
 4 SYSTEMPATH\Common.php(1188): CodeIgniter\View\View->render('/v_detail', [], true)
 5 APPPATH\Controllers\Home.php(50): view('/v_detail', [...])
 6 SYSTEMPATH\CodeIgniter.php(919): App\Controllers\Home->DetailKamar('3')
 7 SYSTEMPATH\CodeIgniter.php(494): CodeIgniter\CodeIgniter->runController(Object(App\Controllers\Home))
 8 SYSTEMPATH\CodeIgniter.php(353): CodeIgniter\CodeIgniter->handleRequest(null, Object(Config\Cache), false)
 9 FCPATH\index.php(79): CodeIgniter\CodeIgniter->run()
10 SYSTEMPATH\Commands\Server\rewrite.php(47): require_once('D:\\XAMPP7\\htdocs\\kos-kosan\\public\\index.php')
CRITICAL - 2023-09-29 11:13:38 --> Trying to get property 'nama_kost' of non-object
in APPPATH\Views\v_detail.php on line 95.
 1 APPPATH\Views\v_detail.php(95): CodeIgniter\Debug\Exceptions->errorHandler(8, 'Trying to get property \'nama_kost\' of non-object', 'D:\\XAMPP7\\htdocs\\kos-kosan\\app\\Views\\v_detail.php', 95, [...])
 2 SYSTEMPATH\View\View.php(226): include('D:\\XAMPP7\\htdocs\\kos-kosan\\app\\Views\\v_detail.php')
 3 SYSTEMPATH\View\View.php(229): CodeIgniter\View\View->CodeIgniter\View\{closure}()
 4 SYSTEMPATH\Common.php(1188): CodeIgniter\View\View->render('/v_detail', [], true)
 5 APPPATH\Controllers\Home.php(50): view('/v_detail', [...])
 6 SYSTEMPATH\CodeIgniter.php(919): App\Controllers\Home->DetailKamar('3')
 7 SYSTEMPATH\CodeIgniter.php(494): CodeIgniter\CodeIgniter->runController(Object(App\Controllers\Home))
 8 SYSTEMPATH\CodeIgniter.php(353): CodeIgniter\CodeIgniter->handleRequest(null, Object(Config\Cache), false)
 9 FCPATH\index.php(79): CodeIgniter\CodeIgniter->run()
10 SYSTEMPATH\Commands\Server\rewrite.php(47): require_once('D:\\XAMPP7\\htdocs\\kos-kosan\\public\\index.php')
CRITICAL - 2023-09-29 11:14:06 --> Undefined index: alamat_kosan
in APPPATH\Views\v_detail.php on line 98.
 1 APPPATH\Views\v_detail.php(98): CodeIgniter\Debug\Exceptions->errorHandler(8, 'Undefined index: alamat_kosan', 'D:\\XAMPP7\\htdocs\\kos-kosan\\app\\Views\\v_detail.php', 98, [...])
 2 SYSTEMPATH\View\View.php(226): include('D:\\XAMPP7\\htdocs\\kos-kosan\\app\\Views\\v_detail.php')
 3 SYSTEMPATH\View\View.php(229): CodeIgniter\View\View->CodeIgniter\View\{closure}()
 4 SYSTEMPATH\Common.php(1188): CodeIgniter\View\View->render('/v_detail', [], true)
 5 APPPATH\Controllers\Home.php(50): view('/v_detail', [...])
 6 SYSTEMPATH\CodeIgniter.php(919): App\Controllers\Home->DetailKamar('3')
 7 SYSTEMPATH\CodeIgniter.php(494): CodeIgniter\CodeIgniter->runController(Object(App\Controllers\Home))
 8 SYSTEMPATH\CodeIgniter.php(353): CodeIgniter\CodeIgniter->handleRequest(null, Object(Config\Cache), false)
 9 FCPATH\index.php(79): CodeIgniter\CodeIgniter->run()
10 SYSTEMPATH\Commands\Server\rewrite.php(47): require_once('D:\\XAMPP7\\htdocs\\kos-kosan\\public\\index.php')
CRITICAL - 2023-09-29 11:14:20 --> Undefined index: alamat_kost
in APPPATH\Views\v_detail.php on line 98.
 1 APPPATH\Views\v_detail.php(98): CodeIgniter\Debug\Exceptions->errorHandler(8, 'Undefined index: alamat_kost', 'D:\\XAMPP7\\htdocs\\kos-kosan\\app\\Views\\v_detail.php', 98, [...])
 2 SYSTEMPATH\View\View.php(226): include('D:\\XAMPP7\\htdocs\\kos-kosan\\app\\Views\\v_detail.php')
 3 SYSTEMPATH\View\View.php(229): CodeIgniter\View\View->CodeIgniter\View\{closure}()
 4 SYSTEMPATH\Common.php(1188): CodeIgniter\View\View->render('/v_detail', [], true)
 5 APPPATH\Controllers\Home.php(50): view('/v_detail', [...])
 6 SYSTEMPATH\CodeIgniter.php(919): App\Controllers\Home->DetailKamar('3')
 7 SYSTEMPATH\CodeIgniter.php(494): CodeIgniter\CodeIgniter->runController(Object(App\Controllers\Home))
 8 SYSTEMPATH\CodeIgniter.php(353): CodeIgniter\CodeIgniter->handleRequest(null, Object(Config\Cache), false)
 9 FCPATH\index.php(79): CodeIgniter\CodeIgniter->run()
10 SYSTEMPATH\Commands\Server\rewrite.php(47): require_once('D:\\XAMPP7\\htdocs\\kos-kosan\\public\\index.php')
CRITICAL - 2023-09-29 11:14:42 --> Undefined index: foto_kosan
in APPPATH\Views\v_detail.php on line 110.
 1 APPPATH\Views\v_detail.php(110): CodeIgniter\Debug\Exceptions->errorHandler(8, 'Undefined index: foto_kosan', 'D:\\XAMPP7\\htdocs\\kos-kosan\\app\\Views\\v_detail.php', 110, [...])
 2 SYSTEMPATH\View\View.php(226): include('D:\\XAMPP7\\htdocs\\kos-kosan\\app\\Views\\v_detail.php')
 3 SYSTEMPATH\View\View.php(229): CodeIgniter\View\View->CodeIgniter\View\{closure}()
 4 SYSTEMPATH\Common.php(1188): CodeIgniter\View\View->render('/v_detail', [], true)
 5 APPPATH\Controllers\Home.php(50): view('/v_detail', [...])
 6 SYSTEMPATH\CodeIgniter.php(919): App\Controllers\Home->DetailKamar('3')
 7 SYSTEMPATH\CodeIgniter.php(494): CodeIgniter\CodeIgniter->runController(Object(App\Controllers\Home))
 8 SYSTEMPATH\CodeIgniter.php(353): CodeIgniter\CodeIgniter->handleRequest(null, Object(Config\Cache), false)
 9 FCPATH\index.php(79): CodeIgniter\CodeIgniter->run()
10 SYSTEMPATH\Commands\Server\rewrite.php(47): require_once('D:\\XAMPP7\\htdocs\\kos-kosan\\public\\index.php')
CRITICAL - 2023-09-29 11:14:51 --> Undefined index: nama_kosan
in APPPATH\Views\v_detail.php on line 148.
 1 APPPATH\Views\v_detail.php(148): CodeIgniter\Debug\Exceptions->errorHandler(8, 'Undefined index: nama_kosan', 'D:\\XAMPP7\\htdocs\\kos-kosan\\app\\Views\\v_detail.php', 148, [...])
 2 SYSTEMPATH\View\View.php(226): include('D:\\XAMPP7\\htdocs\\kos-kosan\\app\\Views\\v_detail.php')
 3 SYSTEMPATH\View\View.php(229): CodeIgniter\View\View->CodeIgniter\View\{closure}()
 4 SYSTEMPATH\Common.php(1188): CodeIgniter\View\View->render('/v_detail', [], true)
 5 APPPATH\Controllers\Home.php(50): view('/v_detail', [...])
 6 SYSTEMPATH\CodeIgniter.php(919): App\Controllers\Home->DetailKamar('3')
 7 SYSTEMPATH\CodeIgniter.php(494): CodeIgniter\CodeIgniter->runController(Object(App\Controllers\Home))
 8 SYSTEMPATH\CodeIgniter.php(353): CodeIgniter\CodeIgniter->handleRequest(null, Object(Config\Cache), false)
 9 FCPATH\index.php(79): CodeIgniter\CodeIgniter->run()
10 SYSTEMPATH\Commands\Server\rewrite.php(47): require_once('D:\\XAMPP7\\htdocs\\kos-kosan\\public\\index.php')
CRITICAL - 2023-09-29 11:15:03 --> Undefined index: jenis_kosan
in APPPATH\Views\v_detail.php on line 152.
 1 APPPATH\Views\v_detail.php(152): CodeIgniter\Debug\Exceptions->errorHandler(8, 'Undefined index: jenis_kosan', 'D:\\XAMPP7\\htdocs\\kos-kosan\\app\\Views\\v_detail.php', 152, [...])
 2 SYSTEMPATH\View\View.php(226): include('D:\\XAMPP7\\htdocs\\kos-kosan\\app\\Views\\v_detail.php')
 3 SYSTEMPATH\View\View.php(229): CodeIgniter\View\View->CodeIgniter\View\{closure}()
 4 SYSTEMPATH\Common.php(1188): CodeIgniter\View\View->render('/v_detail', [], true)
 5 APPPATH\Controllers\Home.php(50): view('/v_detail', [...])
 6 SYSTEMPATH\CodeIgniter.php(919): App\Controllers\Home->DetailKamar('3')
 7 SYSTEMPATH\CodeIgniter.php(494): CodeIgniter\CodeIgniter->runController(Object(App\Controllers\Home))
 8 SYSTEMPATH\CodeIgniter.php(353): CodeIgniter\CodeIgniter->handleRequest(null, Object(Config\Cache), false)
 9 FCPATH\index.php(79): CodeIgniter\CodeIgniter->run()
10 SYSTEMPATH\Commands\Server\rewrite.php(47): require_once('D:\\XAMPP7\\htdocs\\kos-kosan\\public\\index.php')
INFO - 2023-09-29 11:16:02 --> Session: Class initialized using 'CodeIgniter\Session\Handlers\FileHandler' driver.
INFO - 2023-09-29 11:16:05 --> Session: Class initialized using 'CodeIgniter\Session\Handlers\FileHandler' driver.
INFO - 2023-09-29 11:16:09 --> Session: Class initialized using 'CodeIgniter\Session\Handlers\FileHandler' driver.
INFO - 2023-09-29 11:16:11 --> Session: Class initialized using 'CodeIgniter\Session\Handlers\FileHandler' driver.
CRITICAL - 2023-09-29 11:16:11 --> Undefined index: id_kosan
in APPPATH\Views\admin\v_edit_data_kamar.php on line 10.
 1 APPPATH\Views\admin\v_edit_data_kamar.php(10): CodeIgniter\Debug\Exceptions->errorHandler(8, 'Undefined index: id_kosan', 'D:\\XAMPP7\\htdocs\\kos-kosan\\app\\Views\\admin\\v_edit_data_kamar.php', 10, [...])
 2 SYSTEMPATH\View\View.php(226): include('D:\\XAMPP7\\htdocs\\kos-kosan\\app\\Views\\admin\\v_edit_data_kamar.php')
 3 SYSTEMPATH\View\View.php(229): CodeIgniter\View\View->CodeIgniter\View\{closure}()
 4 SYSTEMPATH\Common.php(1188): CodeIgniter\View\View->render('admin/v_edit_data_kamar', [], true)
 5 APPPATH\Views\admin\v_temp_admin.php(93): view('admin/v_edit_data_kamar')
 6 SYSTEMPATH\View\View.php(226): include('D:\\XAMPP7\\htdocs\\kos-kosan\\app\\Views\\admin\\v_temp_admin.php')
 7 SYSTEMPATH\View\View.php(229): CodeIgniter\View\View->CodeIgniter\View\{closure}()
 8 SYSTEMPATH\Common.php(1188): CodeIgniter\View\View->render('/admin/v_temp_admin', [], true)
 9 APPPATH\Controllers\Admin.php(171): view('/admin/v_temp_admin', [...])
10 SYSTEMPATH\CodeIgniter.php(919): App\Controllers\Admin->EditKosan('3')
11 SYSTEMPATH\CodeIgniter.php(494): CodeIgniter\CodeIgniter->runController(Object(App\Controllers\Admin))
12 SYSTEMPATH\CodeIgniter.php(353): CodeIgniter\CodeIgniter->handleRequest(null, Object(Config\Cache), false)
13 FCPATH\index.php(79): CodeIgniter\CodeIgniter->run()
14 SYSTEMPATH\Commands\Server\rewrite.php(47): require_once('D:\\XAMPP7\\htdocs\\kos-kosan\\public\\index.php')
INFO - 2023-09-29 11:16:37 --> Session: Class initialized using 'CodeIgniter\Session\Handlers\FileHandler' driver.
CRITICAL - 2023-09-29 11:16:37 --> Undefined index: nama_kosan
in APPPATH\Views\admin\v_edit_data_kamar.php on line 17.
 1 APPPATH\Views\admin\v_edit_data_kamar.php(17): CodeIgniter\Debug\Exceptions->errorHandler(8, 'Undefined index: nama_kosan', 'D:\\XAMPP7\\htdocs\\kos-kosan\\app\\Views\\admin\\v_edit_data_kamar.php', 17, [...])
 2 SYSTEMPATH\View\View.php(226): include('D:\\XAMPP7\\htdocs\\kos-kosan\\app\\Views\\admin\\v_edit_data_kamar.php')
 3 SYSTEMPATH\View\View.php(229): CodeIgniter\View\View->CodeIgniter\View\{closure}()
 4 SYSTEMPATH\Common.php(1188): CodeIgniter\View\View->render('admin/v_edit_data_kamar', [], true)
 5 APPPATH\Views\admin\v_temp_admin.php(93): view('admin/v_edit_data_kamar')
 6 SYSTEMPATH\View\View.php(226): include('D:\\XAMPP7\\htdocs\\kos-kosan\\app\\Views\\admin\\v_temp_admin.php')
 7 SYSTEMPATH\View\View.php(229): CodeIgniter\View\View->CodeIgniter\View\{closure}()
 8 SYSTEMPATH\Common.php(1188): CodeIgniter\View\View->render('/admin/v_temp_admin', [], true)
 9 APPPATH\Controllers\Admin.php(171): view('/admin/v_temp_admin', [...])
10 SYSTEMPATH\CodeIgniter.php(919): App\Controllers\Admin->EditKosan('3')
11 SYSTEMPATH\CodeIgniter.php(494): CodeIgniter\CodeIgniter->runController(Object(App\Controllers\Admin))
12 SYSTEMPATH\CodeIgniter.php(353): CodeIgniter\CodeIgniter->handleRequest(null, Object(Config\Cache), false)
13 FCPATH\index.php(79): CodeIgniter\CodeIgniter->run()
14 SYSTEMPATH\Commands\Server\rewrite.php(47): require_once('D:\\XAMPP7\\htdocs\\kos-kosan\\public\\index.php')
INFO - 2023-09-29 11:17:41 --> Session: Class initialized using 'CodeIgniter\Session\Handlers\FileHandler' driver.
INFO - 2023-09-29 11:19:49 --> Session: Class initialized using 'CodeIgniter\Session\Handlers\FileHandler' driver.
CRITICAL - 2023-09-29 11:19:49 --> Undefined index: nama_most
in APPPATH\Views\admin\v_edit_data_kamar.php on line 17.
 1 APPPATH\Views\admin\v_edit_data_kamar.php(17): CodeIgniter\Debug\Exceptions->errorHandler(8, 'Undefined index: nama_most', 'D:\\XAMPP7\\htdocs\\kos-kosan\\app\\Views\\admin\\v_edit_data_kamar.php', 17, [...])
 2 SYSTEMPATH\View\View.php(226): include('D:\\XAMPP7\\htdocs\\kos-kosan\\app\\Views\\admin\\v_edit_data_kamar.php')
 3 SYSTEMPATH\View\View.php(229): CodeIgniter\View\View->CodeIgniter\View\{closure}()
 4 SYSTEMPATH\Common.php(1188): CodeIgniter\View\View->render('admin/v_edit_data_kamar', [], true)
 5 APPPATH\Views\admin\v_temp_admin.php(93): view('admin/v_edit_data_kamar')
 6 SYSTEMPATH\View\View.php(226): include('D:\\XAMPP7\\htdocs\\kos-kosan\\app\\Views\\admin\\v_temp_admin.php')
 7 SYSTEMPATH\View\View.php(229): CodeIgniter\View\View->CodeIgniter\View\{closure}()
 8 SYSTEMPATH\Common.php(1188): CodeIgniter\View\View->render('/admin/v_temp_admin', [], true)
 9 APPPATH\Controllers\Admin.php(171): view('/admin/v_temp_admin', [...])
10 SYSTEMPATH\CodeIgniter.php(919): App\Controllers\Admin->EditKosan('3')
11 SYSTEMPATH\CodeIgniter.php(494): CodeIgniter\CodeIgniter->runController(Object(App\Controllers\Admin))
12 SYSTEMPATH\CodeIgniter.php(353): CodeIgniter\CodeIgniter->handleRequest(null, Object(Config\Cache), false)
13 FCPATH\index.php(79): CodeIgniter\CodeIgniter->run()
14 SYSTEMPATH\Commands\Server\rewrite.php(47): require_once('D:\\XAMPP7\\htdocs\\kos-kosan\\public\\index.php')
INFO - 2023-09-29 11:20:03 --> Session: Class initialized using 'CodeIgniter\Session\Handlers\FileHandler' driver.
INFO - 2023-09-29 11:21:12 --> Session: Class initialized using 'CodeIgniter\Session\Handlers\FileHandler' driver.
INFO - 2023-09-29 11:21:54 --> Session: Class initialized using 'CodeIgniter\Session\Handlers\FileHandler' driver.
INFO - 2023-09-29 11:22:14 --> Session: Class initialized using 'CodeIgniter\Session\Handlers\FileHandler' driver.
INFO - 2023-09-29 11:22:39 --> Session: Class initialized using 'CodeIgniter\Session\Handlers\FileHandler' driver.
INFO - 2023-09-29 11:22:55 --> Session: Class initialized using 'CodeIgniter\Session\Handlers\FileHandler' driver.
INFO - 2023-09-29 11:25:58 --> Session: Class initialized using 'CodeIgniter\Session\Handlers\FileHandler' driver.
INFO - 2023-09-29 11:26:19 --> Session: Class initialized using 'CodeIgniter\Session\Handlers\FileHandler' driver.
INFO - 2023-09-29 11:27:10 --> Session: Class initialized using 'CodeIgniter\Session\Handlers\FileHandler' driver.
INFO - 2023-09-29 11:27:36 --> Session: Class initialized using 'CodeIgniter\Session\Handlers\FileHandler' driver.
CRITICAL - 2023-09-29 11:27:36 --> Undefined index: ruang_tamu
in APPPATH\Views\admin\v_edit_data_kamar.php on line 91.
 1 APPPATH\Views\admin\v_edit_data_kamar.php(91): CodeIgniter\Debug\Exceptions->errorHandler(8, 'Undefined index: ruang_tamu', 'D:\\XAMPP7\\htdocs\\kos-kosan\\app\\Views\\admin\\v_edit_data_kamar.php', 91, [...])
 2 SYSTEMPATH\View\View.php(226): include('D:\\XAMPP7\\htdocs\\kos-kosan\\app\\Views\\admin\\v_edit_data_kamar.php')
 3 SYSTEMPATH\View\View.php(229): CodeIgniter\View\View->CodeIgniter\View\{closure}()
 4 SYSTEMPATH\Common.php(1188): CodeIgniter\View\View->render('admin/v_edit_data_kamar', [], true)
 5 APPPATH\Views\admin\v_temp_admin.php(93): view('admin/v_edit_data_kamar')
 6 SYSTEMPATH\View\View.php(226): include('D:\\XAMPP7\\htdocs\\kos-kosan\\app\\Views\\admin\\v_temp_admin.php')
 7 SYSTEMPATH\View\View.php(229): CodeIgniter\View\View->CodeIgniter\View\{closure}()
 8 SYSTEMPATH\Common.php(1188): CodeIgniter\View\View->render('/admin/v_temp_admin', [], true)
 9 APPPATH\Controllers\Admin.php(171): view('/admin/v_temp_admin', [...])
10 SYSTEMPATH\CodeIgniter.php(919): App\Controllers\Admin->EditKosan('3')
11 SYSTEMPATH\CodeIgniter.php(494): CodeIgniter\CodeIgniter->runController(Object(App\Controllers\Admin))
12 SYSTEMPATH\CodeIgniter.php(353): CodeIgniter\CodeIgniter->handleRequest(null, Object(Config\Cache), false)
13 FCPATH\index.php(79): CodeIgniter\CodeIgniter->run()
14 SYSTEMPATH\Commands\Server\rewrite.php(47): require_once('D:\\XAMPP7\\htdocs\\kos-kosan\\public\\index.php')
INFO - 2023-09-29 13:51:03 --> Session: Class initialized using 'CodeIgniter\Session\Handlers\FileHandler' driver.
INFO - 2023-09-29 13:51:03 --> Session: Class initialized using 'CodeIgniter\Session\Handlers\FileHandler' driver.
INFO - 2023-09-29 13:51:07 --> Session: Class initialized using 'CodeIgniter\Session\Handlers\FileHandler' driver.
INFO - 2023-09-29 13:51:07 --> Session: Class initialized using 'CodeIgniter\Session\Handlers\FileHandler' driver.
INFO - 2023-09-29 13:51:11 --> Session: Class initialized using 'CodeIgniter\Session\Handlers\FileHandler' driver.
INFO - 2023-09-29 13:51:14 --> Session: Class initialized using 'CodeIgniter\Session\Handlers\FileHandler' driver.
CRITICAL - 2023-09-29 13:51:14 --> Undefined index: ruang_tamu
in APPPATH\Views\admin\v_edit_data_kamar.php on line 91.
 1 APPPATH\Views\admin\v_edit_data_kamar.php(91): CodeIgniter\Debug\Exceptions->errorHandler(8, 'Undefined index: ruang_tamu', 'D:\\XAMPP7\\htdocs\\kos-kosan\\app\\Views\\admin\\v_edit_data_kamar.php', 91, [...])
 2 SYSTEMPATH\View\View.php(226): include('D:\\XAMPP7\\htdocs\\kos-kosan\\app\\Views\\admin\\v_edit_data_kamar.php')
 3 SYSTEMPATH\View\View.php(229): CodeIgniter\View\View->CodeIgniter\View\{closure}()
 4 SYSTEMPATH\Common.php(1188): CodeIgniter\View\View->render('admin/v_edit_data_kamar', [], true)
 5 APPPATH\Views\admin\v_temp_admin.php(93): view('admin/v_edit_data_kamar')
 6 SYSTEMPATH\View\View.php(226): include('D:\\XAMPP7\\htdocs\\kos-kosan\\app\\Views\\admin\\v_temp_admin.php')
 7 SYSTEMPATH\View\View.php(229): CodeIgniter\View\View->CodeIgniter\View\{closure}()
 8 SYSTEMPATH\Common.php(1188): CodeIgniter\View\View->render('/admin/v_temp_admin', [], true)
 9 APPPATH\Controllers\Admin.php(173): view('/admin/v_temp_admin', [...])
10 SYSTEMPATH\CodeIgniter.php(919): App\Controllers\Admin->EditKosan('3')
11 SYSTEMPATH\CodeIgniter.php(494): CodeIgniter\CodeIgniter->runController(Object(App\Controllers\Admin))
12 SYSTEMPATH\CodeIgniter.php(353): CodeIgniter\CodeIgniter->handleRequest(null, Object(Config\Cache), false)
13 FCPATH\index.php(79): CodeIgniter\CodeIgniter->run()
14 SYSTEMPATH\Commands\Server\rewrite.php(47): require_once('D:\\XAMPP7\\htdocs\\kos-kosan\\public\\index.php')
INFO - 2023-09-29 13:51:29 --> Session: Class initialized using 'CodeIgniter\Session\Handlers\FileHandler' driver.
CRITICAL - 2023-09-29 13:51:29 --> Undefined index: alamat
in APPPATH\Views\admin\v_edit_data_kamar.php on line 22.
 1 APPPATH\Views\admin\v_edit_data_kamar.php(22): CodeIgniter\Debug\Exceptions->errorHandler(8, 'Undefined index: alamat', 'D:\\XAMPP7\\htdocs\\kos-kosan\\app\\Views\\admin\\v_edit_data_kamar.php', 22, [...])
 2 SYSTEMPATH\View\View.php(226): include('D:\\XAMPP7\\htdocs\\kos-kosan\\app\\Views\\admin\\v_edit_data_kamar.php')
 3 SYSTEMPATH\View\View.php(229): CodeIgniter\View\View->CodeIgniter\View\{closure}()
 4 SYSTEMPATH\Common.php(1188): CodeIgniter\View\View->render('admin/v_edit_data_kamar', [], true)
 5 APPPATH\Views\admin\v_temp_admin.php(93): view('admin/v_edit_data_kamar')
 6 SYSTEMPATH\View\View.php(226): include('D:\\XAMPP7\\htdocs\\kos-kosan\\app\\Views\\admin\\v_temp_admin.php')
 7 SYSTEMPATH\View\View.php(229): CodeIgniter\View\View->CodeIgniter\View\{closure}()
 8 SYSTEMPATH\Common.php(1188): CodeIgniter\View\View->render('/admin/v_temp_admin', [], true)
 9 APPPATH\Controllers\Admin.php(173): view('/admin/v_temp_admin', [...])
10 SYSTEMPATH\CodeIgniter.php(919): App\Controllers\Admin->EditKosan('3')
11 SYSTEMPATH\CodeIgniter.php(494): CodeIgniter\CodeIgniter->runController(Object(App\Controllers\Admin))
12 SYSTEMPATH\CodeIgniter.php(353): CodeIgniter\CodeIgniter->handleRequest(null, Object(Config\Cache), false)
13 FCPATH\index.php(79): CodeIgniter\CodeIgniter->run()
14 SYSTEMPATH\Commands\Server\rewrite.php(47): require_once('D:\\XAMPP7\\htdocs\\kos-kosan\\public\\index.php')
INFO - 2023-09-29 13:52:45 --> Session: Class initialized using 'CodeIgniter\Session\Handlers\FileHandler' driver.
CRITICAL - 2023-09-29 13:52:45 --> Undefined index: ruang_tamu
in APPPATH\Views\admin\v_edit_data_kamar.php on line 91.
 1 APPPATH\Views\admin\v_edit_data_kamar.php(91): CodeIgniter\Debug\Exceptions->errorHandler(8, 'Undefined index: ruang_tamu', 'D:\\XAMPP7\\htdocs\\kos-kosan\\app\\Views\\admin\\v_edit_data_kamar.php', 91, [...])
 2 SYSTEMPATH\View\View.php(226): include('D:\\XAMPP7\\htdocs\\kos-kosan\\app\\Views\\admin\\v_edit_data_kamar.php')
 3 SYSTEMPATH\View\View.php(229): CodeIgniter\View\View->CodeIgniter\View\{closure}()
 4 SYSTEMPATH\Common.php(1188): CodeIgniter\View\View->render('admin/v_edit_data_kamar', [], true)
 5 APPPATH\Views\admin\v_temp_admin.php(93): view('admin/v_edit_data_kamar')
 6 SYSTEMPATH\View\View.php(226): include('D:\\XAMPP7\\htdocs\\kos-kosan\\app\\Views\\admin\\v_temp_admin.php')
 7 SYSTEMPATH\View\View.php(229): CodeIgniter\View\View->CodeIgniter\View\{closure}()
 8 SYSTEMPATH\Common.php(1188): CodeIgniter\View\View->render('/admin/v_temp_admin', [], true)
 9 APPPATH\Controllers\Admin.php(173): view('/admin/v_temp_admin', [...])
10 SYSTEMPATH\CodeIgniter.php(919): App\Controllers\Admin->EditKosan('3')
11 SYSTEMPATH\CodeIgniter.php(494): CodeIgniter\CodeIgniter->runController(Object(App\Controllers\Admin))
12 SYSTEMPATH\CodeIgniter.php(353): CodeIgniter\CodeIgniter->handleRequest(null, Object(Config\Cache), false)
13 FCPATH\index.php(79): CodeIgniter\CodeIgniter->run()
14 SYSTEMPATH\Commands\Server\rewrite.php(47): require_once('D:\\XAMPP7\\htdocs\\kos-kosan\\public\\index.php')
INFO - 2023-09-29 13:52:51 --> Session: Class initialized using 'CodeIgniter\Session\Handlers\FileHandler' driver.
INFO - 2023-09-29 13:53:07 --> Session: Class initialized using 'CodeIgniter\Session\Handlers\FileHandler' driver.
INFO - 2023-09-29 13:53:17 --> Session: Class initialized using 'CodeIgniter\Session\Handlers\FileHandler' driver.
INFO - 2023-09-29 13:53:18 --> Session: Class initialized using 'CodeIgniter\Session\Handlers\FileHandler' driver.
INFO - 2023-09-29 13:55:07 --> Session: Class initialized using 'CodeIgniter\Session\Handlers\FileHandler' driver.
CRITICAL - 2023-09-29 13:55:07 --> Undefined index: id_kost
in APPPATH\Views\admin\v_edit_data_kamar.php on line 10.
 1 APPPATH\Views\admin\v_edit_data_kamar.php(10): CodeIgniter\Debug\Exceptions->errorHandler(8, 'Undefined index: id_kost', 'D:\\XAMPP7\\htdocs\\kos-kosan\\app\\Views\\admin\\v_edit_data_kamar.php', 10, [...])
 2 SYSTEMPATH\View\View.php(226): include('D:\\XAMPP7\\htdocs\\kos-kosan\\app\\Views\\admin\\v_edit_data_kamar.php')
 3 SYSTEMPATH\View\View.php(229): CodeIgniter\View\View->CodeIgniter\View\{closure}()
 4 SYSTEMPATH\Common.php(1188): CodeIgniter\View\View->render('admin/v_edit_data_kamar', [], true)
 5 APPPATH\Views\admin\v_temp_admin.php(93): view('admin/v_edit_data_kamar')
 6 SYSTEMPATH\View\View.php(226): include('D:\\XAMPP7\\htdocs\\kos-kosan\\app\\Views\\admin\\v_temp_admin.php')
 7 SYSTEMPATH\View\View.php(229): CodeIgniter\View\View->CodeIgniter\View\{closure}()
 8 SYSTEMPATH\Common.php(1188): CodeIgniter\View\View->render('/admin/v_temp_admin', [], true)
 9 APPPATH\Controllers\Admin.php(174): view('/admin/v_temp_admin', [...])
10 SYSTEMPATH\CodeIgniter.php(919): App\Controllers\Admin->EditKosan('3')
11 SYSTEMPATH\CodeIgniter.php(494): CodeIgniter\CodeIgniter->runController(Object(App\Controllers\Admin))
12 SYSTEMPATH\CodeIgniter.php(353): CodeIgniter\CodeIgniter->handleRequest(null, Object(Config\Cache), false)
13 FCPATH\index.php(79): CodeIgniter\CodeIgniter->run()
14 SYSTEMPATH\Commands\Server\rewrite.php(47): require_once('D:\\XAMPP7\\htdocs\\kos-kosan\\public\\index.php')
INFO - 2023-09-29 13:57:25 --> Session: Class initialized using 'CodeIgniter\Session\Handlers\FileHandler' driver.
CRITICAL - 2023-09-29 13:57:25 --> Undefined index: id_kost
in APPPATH\Views\admin\v_edit_data_kamar.php on line 10.
 1 APPPATH\Views\admin\v_edit_data_kamar.php(10): CodeIgniter\Debug\Exceptions->errorHandler(8, 'Undefined index: id_kost', 'D:\\XAMPP7\\htdocs\\kos-kosan\\app\\Views\\admin\\v_edit_data_kamar.php', 10, [...])
 2 SYSTEMPATH\View\View.php(226): include('D:\\XAMPP7\\htdocs\\kos-kosan\\app\\Views\\admin\\v_edit_data_kamar.php')
 3 SYSTEMPATH\View\View.php(229): CodeIgniter\View\View->CodeIgniter\View\{closure}()
 4 SYSTEMPATH\Common.php(1188): CodeIgniter\View\View->render('admin/v_edit_data_kamar', [], true)
 5 APPPATH\Views\admin\v_temp_admin.php(93): view('admin/v_edit_data_kamar')
 6 SYSTEMPATH\View\View.php(226): include('D:\\XAMPP7\\htdocs\\kos-kosan\\app\\Views\\admin\\v_temp_admin.php')
 7 SYSTEMPATH\View\View.php(229): CodeIgniter\View\View->CodeIgniter\View\{closure}()
 8 SYSTEMPATH\Common.php(1188): CodeIgniter\View\View->render('/admin/v_temp_admin', [], true)
 9 APPPATH\Controllers\Admin.php(174): view('/admin/v_temp_admin', [...])
10 SYSTEMPATH\CodeIgniter.php(919): App\Controllers\Admin->EditKosan('3')
11 SYSTEMPATH\CodeIgniter.php(494): CodeIgniter\CodeIgniter->runController(Object(App\Controllers\Admin))
12 SYSTEMPATH\CodeIgniter.php(353): CodeIgniter\CodeIgniter->handleRequest(null, Object(Config\Cache), false)
13 FCPATH\index.php(79): CodeIgniter\CodeIgniter->run()
14 SYSTEMPATH\Commands\Server\rewrite.php(47): require_once('D:\\XAMPP7\\htdocs\\kos-kosan\\public\\index.php')
INFO - 2023-09-29 14:00:09 --> Session: Class initialized using 'CodeIgniter\Session\Handlers\FileHandler' driver.
CRITICAL - 2023-09-29 14:00:09 --> Undefined index: id_kost
in APPPATH\Views\admin\v_edit_data_kamar.php on line 10.
 1 APPPATH\Views\admin\v_edit_data_kamar.php(10): CodeIgniter\Debug\Exceptions->errorHandler(8, 'Undefined index: id_kost', 'D:\\XAMPP7\\htdocs\\kos-kosan\\app\\Views\\admin\\v_edit_data_kamar.php', 10, [...])
 2 SYSTEMPATH\View\View.php(226): include('D:\\XAMPP7\\htdocs\\kos-kosan\\app\\Views\\admin\\v_edit_data_kamar.php')
 3 SYSTEMPATH\View\View.php(229): CodeIgniter\View\View->CodeIgniter\View\{closure}()
 4 SYSTEMPATH\Common.php(1188): CodeIgniter\View\View->render('admin/v_edit_data_kamar', [], true)
 5 APPPATH\Views\admin\v_temp_admin.php(93): view('admin/v_edit_data_kamar')
 6 SYSTEMPATH\View\View.php(226): include('D:\\XAMPP7\\htdocs\\kos-kosan\\app\\Views\\admin\\v_temp_admin.php')
 7 SYSTEMPATH\View\View.php(229): CodeIgniter\View\View->CodeIgniter\View\{closure}()
 8 SYSTEMPATH\Common.php(1188): CodeIgniter\View\View->render('/admin/v_temp_admin', [], true)
 9 APPPATH\Controllers\Admin.php(182): view('/admin/v_temp_admin', [...])
10 SYSTEMPATH\CodeIgniter.php(919): App\Controllers\Admin->EditKosan('3')
11 SYSTEMPATH\CodeIgniter.php(494): CodeIgniter\CodeIgniter->runController(Object(App\Controllers\Admin))
12 SYSTEMPATH\CodeIgniter.php(353): CodeIgniter\CodeIgniter->handleRequest(null, Object(Config\Cache), false)
13 FCPATH\index.php(79): CodeIgniter\CodeIgniter->run()
14 SYSTEMPATH\Commands\Server\rewrite.php(47): require_once('D:\\XAMPP7\\htdocs\\kos-kosan\\public\\index.php')
INFO - 2023-09-29 14:00:11 --> Session: Class initialized using 'CodeIgniter\Session\Handlers\FileHandler' driver.
CRITICAL - 2023-09-29 14:00:11 --> Undefined index: id_kost
in APPPATH\Views\admin\v_edit_data_kamar.php on line 10.
 1 APPPATH\Views\admin\v_edit_data_kamar.php(10): CodeIgniter\Debug\Exceptions->errorHandler(8, 'Undefined index: id_kost', 'D:\\XAMPP7\\htdocs\\kos-kosan\\app\\Views\\admin\\v_edit_data_kamar.php', 10, [...])
 2 SYSTEMPATH\View\View.php(226): include('D:\\XAMPP7\\htdocs\\kos-kosan\\app\\Views\\admin\\v_edit_data_kamar.php')
 3 SYSTEMPATH\View\View.php(229): CodeIgniter\View\View->CodeIgniter\View\{closure}()
 4 SYSTEMPATH\Common.php(1188): CodeIgniter\View\View->render('admin/v_edit_data_kamar', [], true)
 5 APPPATH\Views\admin\v_temp_admin.php(93): view('admin/v_edit_data_kamar')
 6 SYSTEMPATH\View\View.php(226): include('D:\\XAMPP7\\htdocs\\kos-kosan\\app\\Views\\admin\\v_temp_admin.php')
 7 SYSTEMPATH\View\View.php(229): CodeIgniter\View\View->CodeIgniter\View\{closure}()
 8 SYSTEMPATH\Common.php(1188): CodeIgniter\View\View->render('/admin/v_temp_admin', [], true)
 9 APPPATH\Controllers\Admin.php(182): view('/admin/v_temp_admin', [...])
10 SYSTEMPATH\CodeIgniter.php(919): App\Controllers\Admin->EditKosan('3')
11 SYSTEMPATH\CodeIgniter.php(494): CodeIgniter\CodeIgniter->runController(Object(App\Controllers\Admin))
12 SYSTEMPATH\CodeIgniter.php(353): CodeIgniter\CodeIgniter->handleRequest(null, Object(Config\Cache), false)
13 FCPATH\index.php(79): CodeIgniter\CodeIgniter->run()
14 SYSTEMPATH\Commands\Server\rewrite.php(47): require_once('D:\\XAMPP7\\htdocs\\kos-kosan\\public\\index.php')
INFO - 2023-09-29 14:00:11 --> Session: Class initialized using 'CodeIgniter\Session\Handlers\FileHandler' driver.
CRITICAL - 2023-09-29 14:00:11 --> Undefined index: id_kost
in APPPATH\Views\admin\v_edit_data_kamar.php on line 10.
 1 APPPATH\Views\admin\v_edit_data_kamar.php(10): CodeIgniter\Debug\Exceptions->errorHandler(8, 'Undefined index: id_kost', 'D:\\XAMPP7\\htdocs\\kos-kosan\\app\\Views\\admin\\v_edit_data_kamar.php', 10, [...])
 2 SYSTEMPATH\View\View.php(226): include('D:\\XAMPP7\\htdocs\\kos-kosan\\app\\Views\\admin\\v_edit_data_kamar.php')
 3 SYSTEMPATH\View\View.php(229): CodeIgniter\View\View->CodeIgniter\View\{closure}()
 4 SYSTEMPATH\Common.php(1188): CodeIgniter\View\View->render('admin/v_edit_data_kamar', [], true)
 5 APPPATH\Views\admin\v_temp_admin.php(93): view('admin/v_edit_data_kamar')
 6 SYSTEMPATH\View\View.php(226): include('D:\\XAMPP7\\htdocs\\kos-kosan\\app\\Views\\admin\\v_temp_admin.php')
 7 SYSTEMPATH\View\View.php(229): CodeIgniter\View\View->CodeIgniter\View\{closure}()
 8 SYSTEMPATH\Common.php(1188): CodeIgniter\View\View->render('/admin/v_temp_admin', [], true)
 9 APPPATH\Controllers\Admin.php(182): view('/admin/v_temp_admin', [...])
10 SYSTEMPATH\CodeIgniter.php(919): App\Controllers\Admin->EditKosan('3')
11 SYSTEMPATH\CodeIgniter.php(494): CodeIgniter\CodeIgniter->runController(Object(App\Controllers\Admin))
12 SYSTEMPATH\CodeIgniter.php(353): CodeIgniter\CodeIgniter->handleRequest(null, Object(Config\Cache), false)
13 FCPATH\index.php(79): CodeIgniter\CodeIgniter->run()
14 SYSTEMPATH\Commands\Server\rewrite.php(47): require_once('D:\\XAMPP7\\htdocs\\kos-kosan\\public\\index.php')
INFO - 2023-09-29 14:00:11 --> Session: Class initialized using 'CodeIgniter\Session\Handlers\FileHandler' driver.
CRITICAL - 2023-09-29 14:00:11 --> Undefined index: id_kost
in APPPATH\Views\admin\v_edit_data_kamar.php on line 10.
 1 APPPATH\Views\admin\v_edit_data_kamar.php(10): CodeIgniter\Debug\Exceptions->errorHandler(8, 'Undefined index: id_kost', 'D:\\XAMPP7\\htdocs\\kos-kosan\\app\\Views\\admin\\v_edit_data_kamar.php', 10, [...])
 2 SYSTEMPATH\View\View.php(226): include('D:\\XAMPP7\\htdocs\\kos-kosan\\app\\Views\\admin\\v_edit_data_kamar.php')
 3 SYSTEMPATH\View\View.php(229): CodeIgniter\View\View->CodeIgniter\View\{closure}()
 4 SYSTEMPATH\Common.php(1188): CodeIgniter\View\View->render('admin/v_edit_data_kamar', [], true)
 5 APPPATH\Views\admin\v_temp_admin.php(93): view('admin/v_edit_data_kamar')
 6 SYSTEMPATH\View\View.php(226): include('D:\\XAMPP7\\htdocs\\kos-kosan\\app\\Views\\admin\\v_temp_admin.php')
 7 SYSTEMPATH\View\View.php(229): CodeIgniter\View\View->CodeIgniter\View\{closure}()
 8 SYSTEMPATH\Common.php(1188): CodeIgniter\View\View->render('/admin/v_temp_admin', [], true)
 9 APPPATH\Controllers\Admin.php(182): view('/admin/v_temp_admin', [...])
10 SYSTEMPATH\CodeIgniter.php(919): App\Controllers\Admin->EditKosan('3')
11 SYSTEMPATH\CodeIgniter.php(494): CodeIgniter\CodeIgniter->runController(Object(App\Controllers\Admin))
12 SYSTEMPATH\CodeIgniter.php(353): CodeIgniter\CodeIgniter->handleRequest(null, Object(Config\Cache), false)
13 FCPATH\index.php(79): CodeIgniter\CodeIgniter->run()
14 SYSTEMPATH\Commands\Server\rewrite.php(47): require_once('D:\\XAMPP7\\htdocs\\kos-kosan\\public\\index.php')
INFO - 2023-09-29 14:00:12 --> Session: Class initialized using 'CodeIgniter\Session\Handlers\FileHandler' driver.
CRITICAL - 2023-09-29 14:00:12 --> Undefined index: id_kost
in APPPATH\Views\admin\v_edit_data_kamar.php on line 10.
 1 APPPATH\Views\admin\v_edit_data_kamar.php(10): CodeIgniter\Debug\Exceptions->errorHandler(8, 'Undefined index: id_kost', 'D:\\XAMPP7\\htdocs\\kos-kosan\\app\\Views\\admin\\v_edit_data_kamar.php', 10, [...])
 2 SYSTEMPATH\View\View.php(226): include('D:\\XAMPP7\\htdocs\\kos-kosan\\app\\Views\\admin\\v_edit_data_kamar.php')
 3 SYSTEMPATH\View\View.php(229): CodeIgniter\View\View->CodeIgniter\View\{closure}()
 4 SYSTEMPATH\Common.php(1188): CodeIgniter\View\View->render('admin/v_edit_data_kamar', [], true)
 5 APPPATH\Views\admin\v_temp_admin.php(93): view('admin/v_edit_data_kamar')
 6 SYSTEMPATH\View\View.php(226): include('D:\\XAMPP7\\htdocs\\kos-kosan\\app\\Views\\admin\\v_temp_admin.php')
 7 SYSTEMPATH\View\View.php(229): CodeIgniter\View\View->CodeIgniter\View\{closure}()
 8 SYSTEMPATH\Common.php(1188): CodeIgniter\View\View->render('/admin/v_temp_admin', [], true)
 9 APPPATH\Controllers\Admin.php(182): view('/admin/v_temp_admin', [...])
10 SYSTEMPATH\CodeIgniter.php(919): App\Controllers\Admin->EditKosan('3')
11 SYSTEMPATH\CodeIgniter.php(494): CodeIgniter\CodeIgniter->runController(Object(App\Controllers\Admin))
12 SYSTEMPATH\CodeIgniter.php(353): CodeIgniter\CodeIgniter->handleRequest(null, Object(Config\Cache), false)
13 FCPATH\index.php(79): CodeIgniter\CodeIgniter->run()
14 SYSTEMPATH\Commands\Server\rewrite.php(47): require_once('D:\\XAMPP7\\htdocs\\kos-kosan\\public\\index.php')
INFO - 2023-09-29 14:00:12 --> Session: Class initialized using 'CodeIgniter\Session\Handlers\FileHandler' driver.
CRITICAL - 2023-09-29 14:00:12 --> Undefined index: id_kost
in APPPATH\Views\admin\v_edit_data_kamar.php on line 10.
 1 APPPATH\Views\admin\v_edit_data_kamar.php(10): CodeIgniter\Debug\Exceptions->errorHandler(8, 'Undefined index: id_kost', 'D:\\XAMPP7\\htdocs\\kos-kosan\\app\\Views\\admin\\v_edit_data_kamar.php', 10, [...])
 2 SYSTEMPATH\View\View.php(226): include('D:\\XAMPP7\\htdocs\\kos-kosan\\app\\Views\\admin\\v_edit_data_kamar.php')
 3 SYSTEMPATH\View\View.php(229): CodeIgniter\View\View->CodeIgniter\View\{closure}()
 4 SYSTEMPATH\Common.php(1188): CodeIgniter\View\View->render('admin/v_edit_data_kamar', [], true)
 5 APPPATH\Views\admin\v_temp_admin.php(93): view('admin/v_edit_data_kamar')
 6 SYSTEMPATH\View\View.php(226): include('D:\\XAMPP7\\htdocs\\kos-kosan\\app\\Views\\admin\\v_temp_admin.php')
 7 SYSTEMPATH\View\View.php(229): CodeIgniter\View\View->CodeIgniter\View\{closure}()
 8 SYSTEMPATH\Common.php(1188): CodeIgniter\View\View->render('/admin/v_temp_admin', [], true)
 9 APPPATH\Controllers\Admin.php(182): view('/admin/v_temp_admin', [...])
10 SYSTEMPATH\CodeIgniter.php(919): App\Controllers\Admin->EditKosan('3')
11 SYSTEMPATH\CodeIgniter.php(494): CodeIgniter\CodeIgniter->runController(Object(App\Controllers\Admin))
12 SYSTEMPATH\CodeIgniter.php(353): CodeIgniter\CodeIgniter->handleRequest(null, Object(Config\Cache), false)
13 FCPATH\index.php(79): CodeIgniter\CodeIgniter->run()
14 SYSTEMPATH\Commands\Server\rewrite.php(47): require_once('D:\\XAMPP7\\htdocs\\kos-kosan\\public\\index.php')
INFO - 2023-09-29 14:00:12 --> Session: Class initialized using 'CodeIgniter\Session\Handlers\FileHandler' driver.
CRITICAL - 2023-09-29 14:00:12 --> Undefined index: id_kost
in APPPATH\Views\admin\v_edit_data_kamar.php on line 10.
 1 APPPATH\Views\admin\v_edit_data_kamar.php(10): CodeIgniter\Debug\Exceptions->errorHandler(8, 'Undefined index: id_kost', 'D:\\XAMPP7\\htdocs\\kos-kosan\\app\\Views\\admin\\v_edit_data_kamar.php', 10, [...])
 2 SYSTEMPATH\View\View.php(226): include('D:\\XAMPP7\\htdocs\\kos-kosan\\app\\Views\\admin\\v_edit_data_kamar.php')
 3 SYSTEMPATH\View\View.php(229): CodeIgniter\View\View->CodeIgniter\View\{closure}()
 4 SYSTEMPATH\Common.php(1188): CodeIgniter\View\View->render('admin/v_edit_data_kamar', [], true)
 5 APPPATH\Views\admin\v_temp_admin.php(93): view('admin/v_edit_data_kamar')
 6 SYSTEMPATH\View\View.php(226): include('D:\\XAMPP7\\htdocs\\kos-kosan\\app\\Views\\admin\\v_temp_admin.php')
 7 SYSTEMPATH\View\View.php(229): CodeIgniter\View\View->CodeIgniter\View\{closure}()
 8 SYSTEMPATH\Common.php(1188): CodeIgniter\View\View->render('/admin/v_temp_admin', [], true)
 9 APPPATH\Controllers\Admin.php(182): view('/admin/v_temp_admin', [...])
10 SYSTEMPATH\CodeIgniter.php(919): App\Controllers\Admin->EditKosan('3')
11 SYSTEMPATH\CodeIgniter.php(494): CodeIgniter\CodeIgniter->runController(Object(App\Controllers\Admin))
12 SYSTEMPATH\CodeIgniter.php(353): CodeIgniter\CodeIgniter->handleRequest(null, Object(Config\Cache), false)
13 FCPATH\index.php(79): CodeIgniter\CodeIgniter->run()
14 SYSTEMPATH\Commands\Server\rewrite.php(47): require_once('D:\\XAMPP7\\htdocs\\kos-kosan\\public\\index.php')
INFO - 2023-09-29 14:00:13 --> Session: Class initialized using 'CodeIgniter\Session\Handlers\FileHandler' driver.
CRITICAL - 2023-09-29 14:00:13 --> Undefined index: id_kost
in APPPATH\Views\admin\v_edit_data_kamar.php on line 10.
 1 APPPATH\Views\admin\v_edit_data_kamar.php(10): CodeIgniter\Debug\Exceptions->errorHandler(8, 'Undefined index: id_kost', 'D:\\XAMPP7\\htdocs\\kos-kosan\\app\\Views\\admin\\v_edit_data_kamar.php', 10, [...])
 2 SYSTEMPATH\View\View.php(226): include('D:\\XAMPP7\\htdocs\\kos-kosan\\app\\Views\\admin\\v_edit_data_kamar.php')
 3 SYSTEMPATH\View\View.php(229): CodeIgniter\View\View->CodeIgniter\View\{closure}()
 4 SYSTEMPATH\Common.php(1188): CodeIgniter\View\View->render('admin/v_edit_data_kamar', [], true)
 5 APPPATH\Views\admin\v_temp_admin.php(93): view('admin/v_edit_data_kamar')
 6 SYSTEMPATH\View\View.php(226): include('D:\\XAMPP7\\htdocs\\kos-kosan\\app\\Views\\admin\\v_temp_admin.php')
 7 SYSTEMPATH\View\View.php(229): CodeIgniter\View\View->CodeIgniter\View\{closure}()
 8 SYSTEMPATH\Common.php(1188): CodeIgniter\View\View->render('/admin/v_temp_admin', [], true)
 9 APPPATH\Controllers\Admin.php(182): view('/admin/v_temp_admin', [...])
10 SYSTEMPATH\CodeIgniter.php(919): App\Controllers\Admin->EditKosan('3')
11 SYSTEMPATH\CodeIgniter.php(494): CodeIgniter\CodeIgniter->runController(Object(App\Controllers\Admin))
12 SYSTEMPATH\CodeIgniter.php(353): CodeIgniter\CodeIgniter->handleRequest(null, Object(Config\Cache), false)
13 FCPATH\index.php(79): CodeIgniter\CodeIgniter->run()
14 SYSTEMPATH\Commands\Server\rewrite.php(47): require_once('D:\\XAMPP7\\htdocs\\kos-kosan\\public\\index.php')
INFO - 2023-09-29 14:00:15 --> Session: Class initialized using 'CodeIgniter\Session\Handlers\FileHandler' driver.
CRITICAL - 2023-09-29 14:00:15 --> Undefined index: id_kost
in APPPATH\Views\admin\v_edit_data_kamar.php on line 10.
 1 APPPATH\Views\admin\v_edit_data_kamar.php(10): CodeIgniter\Debug\Exceptions->errorHandler(8, 'Undefined index: id_kost', 'D:\\XAMPP7\\htdocs\\kos-kosan\\app\\Views\\admin\\v_edit_data_kamar.php', 10, [...])
 2 SYSTEMPATH\View\View.php(226): include('D:\\XAMPP7\\htdocs\\kos-kosan\\app\\Views\\admin\\v_edit_data_kamar.php')
 3 SYSTEMPATH\View\View.php(229): CodeIgniter\View\View->CodeIgniter\View\{closure}()
 4 SYSTEMPATH\Common.php(1188): CodeIgniter\View\View->render('admin/v_edit_data_kamar', [], true)
 5 APPPATH\Views\admin\v_temp_admin.php(93): view('admin/v_edit_data_kamar')
 6 SYSTEMPATH\View\View.php(226): include('D:\\XAMPP7\\htdocs\\kos-kosan\\app\\Views\\admin\\v_temp_admin.php')
 7 SYSTEMPATH\View\View.php(229): CodeIgniter\View\View->CodeIgniter\View\{closure}()
 8 SYSTEMPATH\Common.php(1188): CodeIgniter\View\View->render('/admin/v_temp_admin', [], true)
 9 APPPATH\Controllers\Admin.php(182): view('/admin/v_temp_admin', [...])
10 SYSTEMPATH\CodeIgniter.php(919): App\Controllers\Admin->EditKosan('3')
11 SYSTEMPATH\CodeIgniter.php(494): CodeIgniter\CodeIgniter->runController(Object(App\Controllers\Admin))
12 SYSTEMPATH\CodeIgniter.php(353): CodeIgniter\CodeIgniter->handleRequest(null, Object(Config\Cache), false)
13 FCPATH\index.php(79): CodeIgniter\CodeIgniter->run()
14 SYSTEMPATH\Commands\Server\rewrite.php(47): require_once('D:\\XAMPP7\\htdocs\\kos-kosan\\public\\index.php')
INFO - 2023-09-29 14:00:30 --> Session: Class initialized using 'CodeIgniter\Session\Handlers\FileHandler' driver.
CRITICAL - 2023-09-29 14:00:30 --> Undefined index: id_kost
in APPPATH\Views\admin\v_edit_data_kamar.php on line 10.
 1 APPPATH\Views\admin\v_edit_data_kamar.php(10): CodeIgniter\Debug\Exceptions->errorHandler(8, 'Undefined index: id_kost', 'D:\\XAMPP7\\htdocs\\kos-kosan\\app\\Views\\admin\\v_edit_data_kamar.php', 10, [...])
 2 SYSTEMPATH\View\View.php(226): include('D:\\XAMPP7\\htdocs\\kos-kosan\\app\\Views\\admin\\v_edit_data_kamar.php')
 3 SYSTEMPATH\View\View.php(229): CodeIgniter\View\View->CodeIgniter\View\{closure}()
 4 SYSTEMPATH\Common.php(1188): CodeIgniter\View\View->render('admin/v_edit_data_kamar', [], true)
 5 APPPATH\Views\admin\v_temp_admin.php(93): view('admin/v_edit_data_kamar')
 6 SYSTEMPATH\View\View.php(226): include('D:\\XAMPP7\\htdocs\\kos-kosan\\app\\Views\\admin\\v_temp_admin.php')
 7 SYSTEMPATH\View\View.php(229): CodeIgniter\View\View->CodeIgniter\View\{closure}()
 8 SYSTEMPATH\Common.php(1188): CodeIgniter\View\View->render('/admin/v_temp_admin', [], true)
 9 APPPATH\Controllers\Admin.php(182): view('/admin/v_temp_admin', [...])
10 SYSTEMPATH\CodeIgniter.php(919): App\Controllers\Admin->EditKosan('3')
11 SYSTEMPATH\CodeIgniter.php(494): CodeIgniter\CodeIgniter->runController(Object(App\Controllers\Admin))
12 SYSTEMPATH\CodeIgniter.php(353): CodeIgniter\CodeIgniter->handleRequest(null, Object(Config\Cache), false)
13 FCPATH\index.php(79): CodeIgniter\CodeIgniter->run()
14 SYSTEMPATH\Commands\Server\rewrite.php(47): require_once('D:\\XAMPP7\\htdocs\\kos-kosan\\public\\index.php')
INFO - 2023-09-29 14:00:30 --> Session: Class initialized using 'CodeIgniter\Session\Handlers\FileHandler' driver.
CRITICAL - 2023-09-29 14:00:30 --> Undefined index: id_kost
in APPPATH\Views\admin\v_edit_data_kamar.php on line 10.
 1 APPPATH\Views\admin\v_edit_data_kamar.php(10): CodeIgniter\Debug\Exceptions->errorHandler(8, 'Undefined index: id_kost', 'D:\\XAMPP7\\htdocs\\kos-kosan\\app\\Views\\admin\\v_edit_data_kamar.php', 10, [...])
 2 SYSTEMPATH\View\View.php(226): include('D:\\XAMPP7\\htdocs\\kos-kosan\\app\\Views\\admin\\v_edit_data_kamar.php')
 3 SYSTEMPATH\View\View.php(229): CodeIgniter\View\View->CodeIgniter\View\{closure}()
 4 SYSTEMPATH\Common.php(1188): CodeIgniter\View\View->render('admin/v_edit_data_kamar', [], true)
 5 APPPATH\Views\admin\v_temp_admin.php(93): view('admin/v_edit_data_kamar')
 6 SYSTEMPATH\View\View.php(226): include('D:\\XAMPP7\\htdocs\\kos-kosan\\app\\Views\\admin\\v_temp_admin.php')
 7 SYSTEMPATH\View\View.php(229): CodeIgniter\View\View->CodeIgniter\View\{closure}()
 8 SYSTEMPATH\Common.php(1188): CodeIgniter\View\View->render('/admin/v_temp_admin', [], true)
 9 APPPATH\Controllers\Admin.php(182): view('/admin/v_temp_admin', [...])
10 SYSTEMPATH\CodeIgniter.php(919): App\Controllers\Admin->EditKosan('3')
11 SYSTEMPATH\CodeIgniter.php(494): CodeIgniter\CodeIgniter->runController(Object(App\Controllers\Admin))
12 SYSTEMPATH\CodeIgniter.php(353): CodeIgniter\CodeIgniter->handleRequest(null, Object(Config\Cache), false)
13 FCPATH\index.php(79): CodeIgniter\CodeIgniter->run()
14 SYSTEMPATH\Commands\Server\rewrite.php(47): require_once('D:\\XAMPP7\\htdocs\\kos-kosan\\public\\index.php')
INFO - 2023-09-29 14:00:30 --> Session: Class initialized using 'CodeIgniter\Session\Handlers\FileHandler' driver.
CRITICAL - 2023-09-29 14:00:31 --> Undefined index: id_kost
in APPPATH\Views\admin\v_edit_data_kamar.php on line 10.
 1 APPPATH\Views\admin\v_edit_data_kamar.php(10): CodeIgniter\Debug\Exceptions->errorHandler(8, 'Undefined index: id_kost', 'D:\\XAMPP7\\htdocs\\kos-kosan\\app\\Views\\admin\\v_edit_data_kamar.php', 10, [...])
 2 SYSTEMPATH\View\View.php(226): include('D:\\XAMPP7\\htdocs\\kos-kosan\\app\\Views\\admin\\v_edit_data_kamar.php')
 3 SYSTEMPATH\View\View.php(229): CodeIgniter\View\View->CodeIgniter\View\{closure}()
 4 SYSTEMPATH\Common.php(1188): CodeIgniter\View\View->render('admin/v_edit_data_kamar', [], true)
 5 APPPATH\Views\admin\v_temp_admin.php(93): view('admin/v_edit_data_kamar')
 6 SYSTEMPATH\View\View.php(226): include('D:\\XAMPP7\\htdocs\\kos-kosan\\app\\Views\\admin\\v_temp_admin.php')
 7 SYSTEMPATH\View\View.php(229): CodeIgniter\View\View->CodeIgniter\View\{closure}()
 8 SYSTEMPATH\Common.php(1188): CodeIgniter\View\View->render('/admin/v_temp_admin', [], true)
 9 APPPATH\Controllers\Admin.php(182): view('/admin/v_temp_admin', [...])
10 SYSTEMPATH\CodeIgniter.php(919): App\Controllers\Admin->EditKosan('3')
11 SYSTEMPATH\CodeIgniter.php(494): CodeIgniter\CodeIgniter->runController(Object(App\Controllers\Admin))
12 SYSTEMPATH\CodeIgniter.php(353): CodeIgniter\CodeIgniter->handleRequest(null, Object(Config\Cache), false)
13 FCPATH\index.php(79): CodeIgniter\CodeIgniter->run()
14 SYSTEMPATH\Commands\Server\rewrite.php(47): require_once('D:\\XAMPP7\\htdocs\\kos-kosan\\public\\index.php')
INFO - 2023-09-29 14:00:31 --> Session: Class initialized using 'CodeIgniter\Session\Handlers\FileHandler' driver.
CRITICAL - 2023-09-29 14:00:31 --> Undefined index: id_kost
in APPPATH\Views\admin\v_edit_data_kamar.php on line 10.
 1 APPPATH\Views\admin\v_edit_data_kamar.php(10): CodeIgniter\Debug\Exceptions->errorHandler(8, 'Undefined index: id_kost', 'D:\\XAMPP7\\htdocs\\kos-kosan\\app\\Views\\admin\\v_edit_data_kamar.php', 10, [...])
 2 SYSTEMPATH\View\View.php(226): include('D:\\XAMPP7\\htdocs\\kos-kosan\\app\\Views\\admin\\v_edit_data_kamar.php')
 3 SYSTEMPATH\View\View.php(229): CodeIgniter\View\View->CodeIgniter\View\{closure}()
 4 SYSTEMPATH\Common.php(1188): CodeIgniter\View\View->render('admin/v_edit_data_kamar', [], true)
 5 APPPATH\Views\admin\v_temp_admin.php(93): view('admin/v_edit_data_kamar')
 6 SYSTEMPATH\View\View.php(226): include('D:\\XAMPP7\\htdocs\\kos-kosan\\app\\Views\\admin\\v_temp_admin.php')
 7 SYSTEMPATH\View\View.php(229): CodeIgniter\View\View->CodeIgniter\View\{closure}()
 8 SYSTEMPATH\Common.php(1188): CodeIgniter\View\View->render('/admin/v_temp_admin', [], true)
 9 APPPATH\Controllers\Admin.php(182): view('/admin/v_temp_admin', [...])
10 SYSTEMPATH\CodeIgniter.php(919): App\Controllers\Admin->EditKosan('3')
11 SYSTEMPATH\CodeIgniter.php(494): CodeIgniter\CodeIgniter->runController(Object(App\Controllers\Admin))
12 SYSTEMPATH\CodeIgniter.php(353): CodeIgniter\CodeIgniter->handleRequest(null, Object(Config\Cache), false)
13 FCPATH\index.php(79): CodeIgniter\CodeIgniter->run()
14 SYSTEMPATH\Commands\Server\rewrite.php(47): require_once('D:\\XAMPP7\\htdocs\\kos-kosan\\public\\index.php')
INFO - 2023-09-29 14:00:31 --> Session: Class initialized using 'CodeIgniter\Session\Handlers\FileHandler' driver.
CRITICAL - 2023-09-29 14:00:31 --> Undefined index: id_kost
in APPPATH\Views\admin\v_edit_data_kamar.php on line 10.
 1 APPPATH\Views\admin\v_edit_data_kamar.php(10): CodeIgniter\Debug\Exceptions->errorHandler(8, 'Undefined index: id_kost', 'D:\\XAMPP7\\htdocs\\kos-kosan\\app\\Views\\admin\\v_edit_data_kamar.php', 10, [...])
 2 SYSTEMPATH\View\View.php(226): include('D:\\XAMPP7\\htdocs\\kos-kosan\\app\\Views\\admin\\v_edit_data_kamar.php')
 3 SYSTEMPATH\View\View.php(229): CodeIgniter\View\View->CodeIgniter\View\{closure}()
 4 SYSTEMPATH\Common.php(1188): CodeIgniter\View\View->render('admin/v_edit_data_kamar', [], true)
 5 APPPATH\Views\admin\v_temp_admin.php(93): view('admin/v_edit_data_kamar')
 6 SYSTEMPATH\View\View.php(226): include('D:\\XAMPP7\\htdocs\\kos-kosan\\app\\Views\\admin\\v_temp_admin.php')
 7 SYSTEMPATH\View\View.php(229): CodeIgniter\View\View->CodeIgniter\View\{closure}()
 8 SYSTEMPATH\Common.php(1188): CodeIgniter\View\View->render('/admin/v_temp_admin', [], true)
 9 APPPATH\Controllers\Admin.php(182): view('/admin/v_temp_admin', [...])
10 SYSTEMPATH\CodeIgniter.php(919): App\Controllers\Admin->EditKosan('3')
11 SYSTEMPATH\CodeIgniter.php(494): CodeIgniter\CodeIgniter->runController(Object(App\Controllers\Admin))
12 SYSTEMPATH\CodeIgniter.php(353): CodeIgniter\CodeIgniter->handleRequest(null, Object(Config\Cache), false)
13 FCPATH\index.php(79): CodeIgniter\CodeIgniter->run()
14 SYSTEMPATH\Commands\Server\rewrite.php(47): require_once('D:\\XAMPP7\\htdocs\\kos-kosan\\public\\index.php')
INFO - 2023-09-29 14:00:45 --> Session: Class initialized using 'CodeIgniter\Session\Handlers\FileHandler' driver.
INFO - 2023-09-29 14:01:37 --> Session: Class initialized using 'CodeIgniter\Session\Handlers\FileHandler' driver.
INFO - 2023-09-29 14:01:40 --> Session: Class initialized using 'CodeIgniter\Session\Handlers\FileHandler' driver.
INFO - 2023-09-29 14:01:42 --> Session: Class initialized using 'CodeIgniter\Session\Handlers\FileHandler' driver.
INFO - 2023-09-29 14:01:47 --> Session: Class initialized using 'CodeIgniter\Session\Handlers\FileHandler' driver.
INFO - 2023-09-29 14:07:00 --> Session: Class initialized using 'CodeIgniter\Session\Handlers\FileHandler' driver.
INFO - 2023-09-29 14:07:29 --> Session: Class initialized using 'CodeIgniter\Session\Handlers\FileHandler' driver.
INFO - 2023-09-29 14:10:44 --> Session: Class initialized using 'CodeIgniter\Session\Handlers\FileHandler' driver.
INFO - 2023-09-29 14:19:08 --> Session: Class initialized using 'CodeIgniter\Session\Handlers\FileHandler' driver.
INFO - 2023-09-29 14:19:46 --> Session: Class initialized using 'CodeIgniter\Session\Handlers\FileHandler' driver.
INFO - 2023-09-29 14:20:53 --> Session: Class initialized using 'CodeIgniter\Session\Handlers\FileHandler' driver.
INFO - 2023-09-29 14:23:05 --> Session: Class initialized using 'CodeIgniter\Session\Handlers\FileHandler' driver.
INFO - 2023-09-29 14:23:51 --> Session: Class initialized using 'CodeIgniter\Session\Handlers\FileHandler' driver.
INFO - 2023-09-29 14:24:29 --> Session: Class initialized using 'CodeIgniter\Session\Handlers\FileHandler' driver.
INFO - 2023-09-29 14:26:11 --> Session: Class initialized using 'CodeIgniter\Session\Handlers\FileHandler' driver.
INFO - 2023-09-29 14:26:29 --> Session: Class initialized using 'CodeIgniter\Session\Handlers\FileHandler' driver.
INFO - 2023-09-29 14:26:54 --> Session: Class initialized using 'CodeIgniter\Session\Handlers\FileHandler' driver.
INFO - 2023-09-29 14:28:28 --> Session: Class initialized using 'CodeIgniter\Session\Handlers\FileHandler' driver.
WARNING - 2023-09-29 14:28:28 --> [DEPRECATED] The behavior of unparenthesized expressions containing both '.' and '+'/'-' will change in PHP 8: '+'/'-' will take a higher precedence in APPPATH\Views\admin\v_edit_data_kamar.php on line 412.
 1 SYSTEMPATH\View\View.php(226): include()
 2 SYSTEMPATH\View\View.php(229): CodeIgniter\View\View->CodeIgniter\View\{closure}()
 3 SYSTEMPATH\Common.php(1188): CodeIgniter\View\View->render('admin/v_edit_data_kamar', [], true)
 4 APPPATH\Views\admin\v_temp_admin.php(93): view('admin/v_edit_data_kamar')
 5 SYSTEMPATH\View\View.php(226): include('D:\\XAMPP7\\htdocs\\kos-kosan\\app\\Views\\admin\\v_temp_admin.php')
 6 SYSTEMPATH\View\View.php(229): CodeIgniter\View\View->CodeIgniter\View\{closure}()
 7 SYSTEMPATH\Common.php(1188): CodeIgniter\View\View->render('/admin/v_temp_admin', [], true)
 8 APPPATH\Controllers\Admin.php(184): view('/admin/v_temp_admin', [...])
 9 SYSTEMPATH\CodeIgniter.php(919): App\Controllers\Admin->EditKosan('3')
10 SYSTEMPATH\CodeIgniter.php(494): CodeIgniter\CodeIgniter->runController(Object(App\Controllers\Admin))
11 SYSTEMPATH\CodeIgniter.php(353): CodeIgniter\CodeIgniter->handleRequest(null, Object(Config\Cache), false)
12 FCPATH\index.php(79): CodeIgniter\CodeIgniter->run()
13 SYSTEMPATH\Commands\Server\rewrite.php(47): require_once('D:\\XAMPP7\\htdocs\\kos-kosan\\public\\index.php')
CRITICAL - 2023-09-29 14:28:28 --> Array to string conversion
in APPPATH\Views\admin\v_edit_data_kamar.php on line 412.
 1 APPPATH\Views\admin\v_edit_data_kamar.php(412): CodeIgniter\Debug\Exceptions->errorHandler(8, 'Array to string conversion', 'D:\\XAMPP7\\htdocs\\kos-kosan\\app\\Views\\admin\\v_edit_data_kamar.php', 412, [...])
 2 SYSTEMPATH\View\View.php(226): include('D:\\XAMPP7\\htdocs\\kos-kosan\\app\\Views\\admin\\v_edit_data_kamar.php')
 3 SYSTEMPATH\View\View.php(229): CodeIgniter\View\View->CodeIgniter\View\{closure}()
 4 SYSTEMPATH\Common.php(1188): CodeIgniter\View\View->render('admin/v_edit_data_kamar', [], true)
 5 APPPATH\Views\admin\v_temp_admin.php(93): view('admin/v_edit_data_kamar')
 6 SYSTEMPATH\View\View.php(226): include('D:\\XAMPP7\\htdocs\\kos-kosan\\app\\Views\\admin\\v_temp_admin.php')
 7 SYSTEMPATH\View\View.php(229): CodeIgniter\View\View->CodeIgniter\View\{closure}()
 8 SYSTEMPATH\Common.php(1188): CodeIgniter\View\View->render('/admin/v_temp_admin', [], true)
 9 APPPATH\Controllers\Admin.php(184): view('/admin/v_temp_admin', [...])
10 SYSTEMPATH\CodeIgniter.php(919): App\Controllers\Admin->EditKosan('3')
11 SYSTEMPATH\CodeIgniter.php(494): CodeIgniter\CodeIgniter->runController(Object(App\Controllers\Admin))
12 SYSTEMPATH\CodeIgniter.php(353): CodeIgniter\CodeIgniter->handleRequest(null, Object(Config\Cache), false)
13 FCPATH\index.php(79): CodeIgniter\CodeIgniter->run()
14 SYSTEMPATH\Commands\Server\rewrite.php(47): require_once('D:\\XAMPP7\\htdocs\\kos-kosan\\public\\index.php')
INFO - 2023-09-29 14:28:37 --> Session: Class initialized using 'CodeIgniter\Session\Handlers\FileHandler' driver.
INFO - 2023-09-29 14:28:54 --> Session: Class initialized using 'CodeIgniter\Session\Handlers\FileHandler' driver.
INFO - 2023-09-29 14:30:55 --> Session: Class initialized using 'CodeIgniter\Session\Handlers\FileHandler' driver.
INFO - 2023-09-29 14:32:10 --> Session: Class initialized using 'CodeIgniter\Session\Handlers\FileHandler' driver.
INFO - 2023-09-29 14:32:54 --> Session: Class initialized using 'CodeIgniter\Session\Handlers\FileHandler' driver.
INFO - 2023-09-29 14:33:10 --> Session: Class initialized using 'CodeIgniter\Session\Handlers\FileHandler' driver.
INFO - 2023-09-29 14:33:24 --> Session: Class initialized using 'CodeIgniter\Session\Handlers\FileHandler' driver.
CRITICAL - 2023-09-29 14:33:24 --> The original file is not a valid file.
in SYSTEMPATH\HTTP\Files\UploadedFile.php on line 146.
 1 SYSTEMPATH\HTTP\Files\UploadedFile.php(146): CodeIgniter\HTTP\Exceptions\HTTPException::forInvalidFile()
 2 APPPATH\Controllers\Admin.php(283): CodeIgniter\HTTP\Files\UploadedFile->move('foto/', '1695972804_71b92ef53f1e44d97cbe')
 3 SYSTEMPATH\CodeIgniter.php(919): App\Controllers\Admin->UpdateKosan('3')
 4 SYSTEMPATH\CodeIgniter.php(494): CodeIgniter\CodeIgniter->runController(Object(App\Controllers\Admin))
 5 SYSTEMPATH\CodeIgniter.php(353): CodeIgniter\CodeIgniter->handleRequest(null, Object(Config\Cache), false)
 6 FCPATH\index.php(79): CodeIgniter\CodeIgniter->run()
 7 SYSTEMPATH\Commands\Server\rewrite.php(47): require_once('D:\\XAMPP7\\htdocs\\kos-kosan\\public\\index.php')
INFO - 2023-09-29 14:34:32 --> Session: Class initialized using 'CodeIgniter\Session\Handlers\FileHandler' driver.
CRITICAL - 2023-09-29 14:34:32 --> The original file is not a valid file.
in SYSTEMPATH\HTTP\Files\UploadedFile.php on line 146.
 1 SYSTEMPATH\HTTP\Files\UploadedFile.php(146): CodeIgniter\HTTP\Exceptions\HTTPException::forInvalidFile()
 2 APPPATH\Controllers\Admin.php(283): CodeIgniter\HTTP\Files\UploadedFile->move('foto/', '1695972872_63ddc94b6241c3bc8f85')
 3 SYSTEMPATH\CodeIgniter.php(919): App\Controllers\Admin->UpdateKosan('3')
 4 SYSTEMPATH\CodeIgniter.php(494): CodeIgniter\CodeIgniter->runController(Object(App\Controllers\Admin))
 5 SYSTEMPATH\CodeIgniter.php(353): CodeIgniter\CodeIgniter->handleRequest(null, Object(Config\Cache), false)
 6 FCPATH\index.php(79): CodeIgniter\CodeIgniter->run()
 7 SYSTEMPATH\Commands\Server\rewrite.php(47): require_once('D:\\XAMPP7\\htdocs\\kos-kosan\\public\\index.php')
INFO - 2023-09-29 14:34:34 --> Session: Class initialized using 'CodeIgniter\Session\Handlers\FileHandler' driver.
INFO - 2023-09-29 14:34:35 --> Session: Class initialized using 'CodeIgniter\Session\Handlers\FileHandler' driver.
INFO - 2023-09-29 14:35:00 --> Session: Class initialized using 'CodeIgniter\Session\Handlers\FileHandler' driver.
INFO - 2023-09-29 14:35:41 --> Session: Class initialized using 'CodeIgniter\Session\Handlers\FileHandler' driver.
INFO - 2023-09-29 14:35:59 --> Session: Class initialized using 'CodeIgniter\Session\Handlers\FileHandler' driver.
INFO - 2023-09-29 14:35:59 --> Session: Class initialized using 'CodeIgniter\Session\Handlers\FileHandler' driver.
INFO - 2023-09-29 14:36:13 --> Session: Class initialized using 'CodeIgniter\Session\Handlers\FileHandler' driver.
INFO - 2023-09-29 14:36:13 --> Session: Class initialized using 'CodeIgniter\Session\Handlers\FileHandler' driver.
INFO - 2023-09-29 14:36:15 --> Session: Class initialized using 'CodeIgniter\Session\Handlers\FileHandler' driver.
INFO - 2023-09-29 14:36:15 --> Session: Class initialized using 'CodeIgniter\Session\Handlers\FileHandler' driver.
INFO - 2023-09-29 14:36:47 --> Session: Class initialized using 'CodeIgniter\Session\Handlers\FileHandler' driver.
INFO - 2023-09-29 14:36:54 --> Session: Class initialized using 'CodeIgniter\Session\Handlers\FileHandler' driver.
INFO - 2023-09-29 14:36:56 --> Session: Class initialized using 'CodeIgniter\Session\Handlers\FileHandler' driver.
INFO - 2023-09-29 14:37:13 --> Session: Class initialized using 'CodeIgniter\Session\Handlers\FileHandler' driver.
CRITICAL - 2023-09-29 14:37:13 --> There is no data to update.
in SYSTEMPATH\BaseModel.php on line 1724.
 1 SYSTEMPATH\BaseModel.php(1724): CodeIgniter\Database\Exceptions\DataException::forEmptyDataset('update')
 2 SYSTEMPATH\BaseModel.php(916): CodeIgniter\BaseModel->transformDataToArray(null, 'update')
 3 SYSTEMPATH\Model.php(776): CodeIgniter\BaseModel->update([...], null)
 4 APPPATH\Controllers\Admin.php(267): CodeIgniter\Model->update([...])
 5 SYSTEMPATH\CodeIgniter.php(919): App\Controllers\Admin->UpdateKosan('6')
 6 SYSTEMPATH\CodeIgniter.php(494): CodeIgniter\CodeIgniter->runController(Object(App\Controllers\Admin))
 7 SYSTEMPATH\CodeIgniter.php(353): CodeIgniter\CodeIgniter->handleRequest(null, Object(Config\Cache), false)
 8 FCPATH\index.php(79): CodeIgniter\CodeIgniter->run()
 9 SYSTEMPATH\Commands\Server\rewrite.php(47): require_once('D:\\XAMPP7\\htdocs\\kos-kosan\\public\\index.php')
INFO - 2023-09-29 14:49:44 --> Session: Class initialized using 'CodeIgniter\Session\Handlers\FileHandler' driver.
CRITICAL - 2023-09-29 14:49:44 --> Call to a member function update() on array
in APPPATH\Controllers\Admin.php on line 262.
 1 SYSTEMPATH\CodeIgniter.php(919): App\Controllers\Admin->UpdateKosan('6')
 2 SYSTEMPATH\CodeIgniter.php(494): CodeIgniter\CodeIgniter->runController(Object(App\Controllers\Admin))
 3 SYSTEMPATH\CodeIgniter.php(353): CodeIgniter\CodeIgniter->handleRequest(null, Object(Config\Cache), false)
 4 FCPATH\index.php(79): CodeIgniter\CodeIgniter->run()
 5 SYSTEMPATH\Commands\Server\rewrite.php(47): require_once('D:\\XAMPP7\\htdocs\\kos-kosan\\public\\index.php')
INFO - 2023-09-29 14:51:52 --> Session: Class initialized using 'CodeIgniter\Session\Handlers\FileHandler' driver.
INFO - 2023-09-29 14:51:52 --> Session: Class initialized using 'CodeIgniter\Session\Handlers\FileHandler' driver.
INFO - 2023-09-29 14:52:00 --> Session: Class initialized using 'CodeIgniter\Session\Handlers\FileHandler' driver.
INFO - 2023-09-29 14:52:10 --> Session: Class initialized using 'CodeIgniter\Session\Handlers\FileHandler' driver.
INFO - 2023-09-29 14:52:10 --> Session: Class initialized using 'CodeIgniter\Session\Handlers\FileHandler' driver.
INFO - 2023-09-29 14:52:17 --> Session: Class initialized using 'CodeIgniter\Session\Handlers\FileHandler' driver.
INFO - 2023-09-29 14:52:29 --> Session: Class initialized using 'CodeIgniter\Session\Handlers\FileHandler' driver.
INFO - 2023-09-29 14:52:29 --> Session: Class initialized using 'CodeIgniter\Session\Handlers\FileHandler' driver.
INFO - 2023-09-29 14:53:12 --> Session: Class initialized using 'CodeIgniter\Session\Handlers\FileHandler' driver.
INFO - 2023-09-29 15:11:16 --> Session: Class initialized using 'CodeIgniter\Session\Handlers\FileHandler' driver.
CRITICAL - 2023-09-29 15:16:07 --> Undefined index: ruang_tamu
in APPPATH\Views\v_detail.php on line 166.
 1 APPPATH\Views\v_detail.php(166): CodeIgniter\Debug\Exceptions->errorHandler(8, 'Undefined index: ruang_tamu', 'D:\\XAMPP7\\htdocs\\kos-kosan\\app\\Views\\v_detail.php', 166, [...])
 2 SYSTEMPATH\View\View.php(226): include('D:\\XAMPP7\\htdocs\\kos-kosan\\app\\Views\\v_detail.php')
 3 SYSTEMPATH\View\View.php(229): CodeIgniter\View\View->CodeIgniter\View\{closure}()
 4 SYSTEMPATH\Common.php(1188): CodeIgniter\View\View->render('/v_detail', [], true)
 5 APPPATH\Controllers\Home.php(50): view('/v_detail', [...])
 6 SYSTEMPATH\CodeIgniter.php(919): App\Controllers\Home->DetailKamar('6')
 7 SYSTEMPATH\CodeIgniter.php(494): CodeIgniter\CodeIgniter->runController(Object(App\Controllers\Home))
 8 SYSTEMPATH\CodeIgniter.php(353): CodeIgniter\CodeIgniter->handleRequest(null, Object(Config\Cache), false)
 9 FCPATH\index.php(79): CodeIgniter\CodeIgniter->run()
10 SYSTEMPATH\Commands\Server\rewrite.php(47): require_once('D:\\XAMPP7\\htdocs\\kos-kosan\\public\\index.php')
CRITICAL - 2023-09-29 15:16:34 --> Undefined index: ruang_tamu
in APPPATH\Views\v_detail.php on line 166.
 1 APPPATH\Views\v_detail.php(166): CodeIgniter\Debug\Exceptions->errorHandler(8, 'Undefined index: ruang_tamu', 'D:\\XAMPP7\\htdocs\\kos-kosan\\app\\Views\\v_detail.php', 166, [...])
 2 SYSTEMPATH\View\View.php(226): include('D:\\XAMPP7\\htdocs\\kos-kosan\\app\\Views\\v_detail.php')
 3 SYSTEMPATH\View\View.php(229): CodeIgniter\View\View->CodeIgniter\View\{closure}()
 4 SYSTEMPATH\Common.php(1188): CodeIgniter\View\View->render('/v_detail', [], true)
 5 APPPATH\Controllers\Home.php(50): view('/v_detail', [...])
 6 SYSTEMPATH\CodeIgniter.php(919): App\Controllers\Home->DetailKamar('6')
 7 SYSTEMPATH\CodeIgniter.php(494): CodeIgniter\CodeIgniter->runController(Object(App\Controllers\Home))
 8 SYSTEMPATH\CodeIgniter.php(353): CodeIgniter\CodeIgniter->handleRequest(null, Object(Config\Cache), false)
 9 FCPATH\index.php(79): CodeIgniter\CodeIgniter->run()
10 SYSTEMPATH\Commands\Server\rewrite.php(47): require_once('D:\\XAMPP7\\htdocs\\kos-kosan\\public\\index.php')
CRITICAL - 2023-09-29 15:17:01 --> Undefined index: ruang_tamu
in APPPATH\Views\v_detail.php on line 166.
 1 APPPATH\Views\v_detail.php(166): CodeIgniter\Debug\Exceptions->errorHandler(8, 'Undefined index: ruang_tamu', 'D:\\XAMPP7\\htdocs\\kos-kosan\\app\\Views\\v_detail.php', 166, [...])
 2 SYSTEMPATH\View\View.php(226): include('D:\\XAMPP7\\htdocs\\kos-kosan\\app\\Views\\v_detail.php')
 3 SYSTEMPATH\View\View.php(229): CodeIgniter\View\View->CodeIgniter\View\{closure}()
 4 SYSTEMPATH\Common.php(1188): CodeIgniter\View\View->render('/v_detail', [], true)
 5 APPPATH\Controllers\Home.php(50): view('/v_detail', [...])
 6 SYSTEMPATH\CodeIgniter.php(919): App\Controllers\Home->DetailKamar('6')
 7 SYSTEMPATH\CodeIgniter.php(494): CodeIgniter\CodeIgniter->runController(Object(App\Controllers\Home))
 8 SYSTEMPATH\CodeIgniter.php(353): CodeIgniter\CodeIgniter->handleRequest(null, Object(Config\Cache), false)
 9 FCPATH\index.php(79): CodeIgniter\CodeIgniter->run()
10 SYSTEMPATH\Commands\Server\rewrite.php(47): require_once('D:\\XAMPP7\\htdocs\\kos-kosan\\public\\index.php')
CRITICAL - 2023-09-29 15:17:21 --> Undefined index: ruang_tamu
in APPPATH\Views\v_detail.php on line 166.
 1 APPPATH\Views\v_detail.php(166): CodeIgniter\Debug\Exceptions->errorHandler(8, 'Undefined index: ruang_tamu', 'D:\\XAMPP7\\htdocs\\kos-kosan\\app\\Views\\v_detail.php', 166, [...])
 2 SYSTEMPATH\View\View.php(226): include('D:\\XAMPP7\\htdocs\\kos-kosan\\app\\Views\\v_detail.php')
 3 SYSTEMPATH\View\View.php(229): CodeIgniter\View\View->CodeIgniter\View\{closure}()
 4 SYSTEMPATH\Common.php(1188): CodeIgniter\View\View->render('/v_detail', [], true)
 5 APPPATH\Controllers\Home.php(52): view('/v_detail', [...])
 6 SYSTEMPATH\CodeIgniter.php(919): App\Controllers\Home->DetailKamar('6')
 7 SYSTEMPATH\CodeIgniter.php(494): CodeIgniter\CodeIgniter->runController(Object(App\Controllers\Home))
 8 SYSTEMPATH\CodeIgniter.php(353): CodeIgniter\CodeIgniter->handleRequest(null, Object(Config\Cache), false)
 9 FCPATH\index.php(79): CodeIgniter\CodeIgniter->run()
10 SYSTEMPATH\Commands\Server\rewrite.php(47): require_once('D:\\XAMPP7\\htdocs\\kos-kosan\\public\\index.php')
CRITICAL - 2023-09-29 15:17:23 --> Undefined index: ruang_tamu
in APPPATH\Views\v_detail.php on line 166.
 1 APPPATH\Views\v_detail.php(166): CodeIgniter\Debug\Exceptions->errorHandler(8, 'Undefined index: ruang_tamu', 'D:\\XAMPP7\\htdocs\\kos-kosan\\app\\Views\\v_detail.php', 166, [...])
 2 SYSTEMPATH\View\View.php(226): include('D:\\XAMPP7\\htdocs\\kos-kosan\\app\\Views\\v_detail.php')
 3 SYSTEMPATH\View\View.php(229): CodeIgniter\View\View->CodeIgniter\View\{closure}()
 4 SYSTEMPATH\Common.php(1188): CodeIgniter\View\View->render('/v_detail', [], true)
 5 APPPATH\Controllers\Home.php(52): view('/v_detail', [...])
 6 SYSTEMPATH\CodeIgniter.php(919): App\Controllers\Home->DetailKamar('6')
 7 SYSTEMPATH\CodeIgniter.php(494): CodeIgniter\CodeIgniter->runController(Object(App\Controllers\Home))
 8 SYSTEMPATH\CodeIgniter.php(353): CodeIgniter\CodeIgniter->handleRequest(null, Object(Config\Cache), false)
 9 FCPATH\index.php(79): CodeIgniter\CodeIgniter->run()
10 SYSTEMPATH\Commands\Server\rewrite.php(47): require_once('D:\\XAMPP7\\htdocs\\kos-kosan\\public\\index.php')
CRITICAL - 2023-09-29 15:33:10 --> Undefined index: ventilas
in APPPATH\Views\v_detail.php on line 244.
 1 APPPATH\Views\v_detail.php(244): CodeIgniter\Debug\Exceptions->errorHandler(8, 'Undefined index: ventilas', 'D:\\XAMPP7\\htdocs\\kos-kosan\\app\\Views\\v_detail.php', 244, [...])
 2 SYSTEMPATH\View\View.php(226): include('D:\\XAMPP7\\htdocs\\kos-kosan\\app\\Views\\v_detail.php')
 3 SYSTEMPATH\View\View.php(229): CodeIgniter\View\View->CodeIgniter\View\{closure}()
 4 SYSTEMPATH\Common.php(1188): CodeIgniter\View\View->render('v_detail', [], true)
 5 APPPATH\Controllers\Home.php(54): view('v_detail', [...])
 6 SYSTEMPATH\CodeIgniter.php(919): App\Controllers\Home->DetailKamar('6')
 7 SYSTEMPATH\CodeIgniter.php(494): CodeIgniter\CodeIgniter->runController(Object(App\Controllers\Home))
 8 SYSTEMPATH\CodeIgniter.php(353): CodeIgniter\CodeIgniter->handleRequest(null, Object(Config\Cache), false)
 9 FCPATH\index.php(79): CodeIgniter\CodeIgniter->run()
10 SYSTEMPATH\Commands\Server\rewrite.php(47): require_once('D:\\XAMPP7\\htdocs\\kos-kosan\\public\\index.php')
INFO - 2023-09-29 16:03:16 --> Session: Class initialized using 'CodeIgniter\Session\Handlers\FileHandler' driver.
INFO - 2023-09-29 16:03:16 --> Session: Class initialized using 'CodeIgniter\Session\Handlers\FileHandler' driver.
INFO - 2023-09-29 16:03:25 --> Session: Class initialized using 'CodeIgniter\Session\Handlers\FileHandler' driver.
INFO - 2023-09-29 16:03:25 --> Session: Class initialized using 'CodeIgniter\Session\Handlers\FileHandler' driver.
INFO - 2023-09-29 16:03:29 --> Session: Class initialized using 'CodeIgniter\Session\Handlers\FileHandler' driver.
INFO - 2023-09-29 16:03:35 --> Session: Class initialized using 'CodeIgniter\Session\Handlers\FileHandler' driver.
INFO - 2023-09-29 16:03:37 --> Session: Class initialized using 'CodeIgniter\Session\Handlers\FileHandler' driver.
INFO - 2023-09-29 16:04:10 --> Session: Class initialized using 'CodeIgniter\Session\Handlers\FileHandler' driver.
INFO - 2023-09-29 16:04:10 --> Session: Class initialized using 'CodeIgniter\Session\Handlers\FileHandler' driver.
